#
# There is insufficient memory for the Java Runtime Environment to continue.
# Native memory allocation (mmap) failed to map 61865984 bytes for Failed to commit area from 0x00000006f2500000 to 0x00000006f6000000 of length 61865984.
# Possible reasons:
#   The system is out of physical RAM or swap space
#   The process is running with CompressedOops enabled, and the Java Heap may be blocking the growth of the native heap
# Possible solutions:
#   Reduce memory load on the system
#   Increase physical memory or swap space
#   Check if swap backing store is full
#   Decrease Java heap size (-Xmx/-Xms)
#   Decrease number of Java threads
#   Decrease Java thread stack sizes (-Xss)
#   Set larger code cache with -XX:ReservedCodeCacheSize=
#   JVM is running with Zero Based Compressed Oops mode in which the Java heap is
#     placed in the first 32GB address space. The Java Heap base address is the
#     maximum limit for the native heap growth. Please use -XX:HeapBaseMinAddress
#     to set the Java Heap base and to place the Java Heap above 32GB virtual address.
# This output file may be truncated or incomplete.
#
#  Out of Memory Error (t:/workspace/open/src/hotspot/os/windows/os_windows.cpp:3269), pid=4936, tid=13176
#
# JRE version: OpenJDK Runtime Environment (11.0.2+9) (build 11.0.2+9)
# Java VM: OpenJDK 64-Bit Server VM (11.0.2+9, mixed mode, tiered, compressed oops, g1 gc, windows-amd64)
# No core dump will be written. Minidumps are not enabled by default on client versions of Windows
#

---------------  S U M M A R Y ------------

Command Line: -XX:MaxMetaspaceSize=512m --add-opens=java.base/java.util=ALL-UNNAMED --add-opens=java.base/java.lang=ALL-UNNAMED --add-opens=java.base/java.lang.invoke=ALL-UNNAMED --add-opens=java.base/java.util=ALL-UNNAMED --add-opens=java.prefs/java.util.prefs=ALL-UNNAMED --add-opens=java.prefs/java.util.prefs=ALL-UNNAMED --add-opens=java.base/java.nio.charset=ALL-UNNAMED --add-opens=java.base/java.net=ALL-UNNAMED --add-opens=java.base/java.util.concurrent.atomic=ALL-UNNAMED -Xmx4608m -Dfile.encoding=windows-1252 -Duser.country=US -Duser.language=en -Duser.variant org.gradle.launcher.daemon.bootstrap.GradleDaemon 7.5.1

Host: Intel(R) Core(TM) i5-7300U CPU @ 2.60GHz, 4 cores, 7G,  Windows 10 , 64 bit Build 19041 (10.0.19041.3636)
Time: Thu Dec 28 17:30:46 2023 India Standard Time elapsed time: 127 seconds (0d 0h 2m 7s)

---------------  T H R E A D  ---------------

Current thread (0x0000012c7f1ec800):  VMThread "VM Thread" [stack: 0x0000001a60e00000,0x0000001a60f00000] [id=13176]

Stack: [0x0000001a60e00000,0x0000001a60f00000]
[error occurred during error reporting (printing stack bounds), id 0xc0000005, EXCEPTION_ACCESS_VIOLATION (0xc0000005) at pc=0x0000012c00000bad]

Native frames: (J=compiled Java code, j=interpreted, Vv=VM code, C=native code)
V  [jvm.dll+0x63489a]
V  [jvm.dll+0x771f9f]
V  [jvm.dll+0x773648]
V  [jvm.dll+0x773c65]
V  [jvm.dll+0x773c1b]
V  [jvm.dll+0x633fa6]
V  [jvm.dll+0x634368]
C  [ntdll.dll+0xa23af]
C  [ntdll.dll+0x514b4]
C  [ntdll.dll+0xa0ebe]
C  0x0000012c00000bad

VM_Operation (0x0000001a621f6280): G1CollectForAllocation, mode: safepoint, requested by thread 0x0000012c11066800


---------------  P R O C E S S  ---------------

Threads class SMR info:
_java_thread_list=0x0000012c1dde6e10, length=86, elements={
0x0000012c696c3000, 0x0000012c7f223800, 0x0000012c7f22e000, 0x0000012c7f220800,
0x0000012c7f231800, 0x0000012c7f233800, 0x0000012c7f236800, 0x0000012c7fb95800,
0x0000012c7fcdf000, 0x0000012c7fd06000, 0x0000012c10581800, 0x0000012c116f9000,
0x0000012c7fe4f800, 0x0000012c7feb3800, 0x0000012c11ba0800, 0x0000012c10141000,
0x0000012c11066800, 0x0000012c11067800, 0x0000012c11865000, 0x0000012c10b97000,
0x0000012c0f93e000, 0x0000012c0f93f000, 0x0000012c0f939800, 0x0000012c0f940000,
0x0000012c0f93a000, 0x0000012c0f93b000, 0x0000012c0f93c000, 0x0000012c0f93c800,
0x0000012c124f2800, 0x0000012c124f5000, 0x0000012c124f2000, 0x0000012c124f4800,
0x0000012c124f6000, 0x0000012c124f3800, 0x0000012c124f7000, 0x0000012c124f8800,
0x0000012c124fd800, 0x0000012c124fa000, 0x0000012c124f7800, 0x0000012c124fc800,
0x0000012c124fb000, 0x0000012c124fb800, 0x0000012c124fe000, 0x0000012c124ff000,
0x0000012c124f9800, 0x0000012c0f93d800, 0x0000012c10c0b800, 0x0000012c10c0c000,
0x0000012c10c09000, 0x0000012c10c0d000, 0x0000012c10c08000, 0x0000012c10c07800,
0x0000012c10c09800, 0x0000012c10c0a800, 0x0000012c10c12000, 0x0000012c10c11000,
0x0000012c10c0f800, 0x0000012c10c12800, 0x0000012c10c10000, 0x0000012c10c13800,
0x0000012c10c0e000, 0x0000012c10c14800, 0x0000012c10c0e800, 0x0000012c10c15000,
0x0000012c10c16000, 0x0000012c156f5000, 0x0000012c156fb000, 0x0000012c156f7000,
0x0000012c156f6000, 0x0000012c156f9800, 0x0000012c156fb800, 0x0000012c156fc800,
0x0000012c156fa000, 0x0000012c156f7800, 0x0000012c156f8800, 0x0000012c15702800,
0x0000012c15704000, 0x0000012c156fd800, 0x0000012c156ff000, 0x0000012c15700000,
0x0000012c15703000, 0x0000012c15700800, 0x0000012c15701800, 0x0000012c124f1000,
0x0000012c0ff1d000, 0x0000012c0ff1f800
}

Java Threads: ( => current thread )
  0x0000012c696c3000 JavaThread "main" [_thread_blocked, id=3268, stack(0x0000001a60800000,0x0000001a60900000)]
  0x0000012c7f223800 JavaThread "Reference Handler" daemon [_thread_blocked, id=14276, stack(0x0000001a60f00000,0x0000001a61000000)]
  0x0000012c7f22e000 JavaThread "Finalizer" daemon [_thread_blocked, id=2360, stack(0x0000001a61000000,0x0000001a61100000)]
  0x0000012c7f220800 JavaThread "Signal Dispatcher" daemon [_thread_blocked, id=1992, stack(0x0000001a61100000,0x0000001a61200000)]
  0x0000012c7f231800 JavaThread "Attach Listener" daemon [_thread_blocked, id=2272, stack(0x0000001a61200000,0x0000001a61300000)]
  0x0000012c7f233800 JavaThread "C2 CompilerThread0" daemon [_thread_in_native, id=10968, stack(0x0000001a61300000,0x0000001a61400000)]
  0x0000012c7f236800 JavaThread "C1 CompilerThread0" daemon [_thread_blocked, id=6320, stack(0x0000001a61400000,0x0000001a61500000)]
  0x0000012c7fb95800 JavaThread "Sweeper thread" daemon [_thread_blocked, id=5048, stack(0x0000001a61500000,0x0000001a61600000)]
  0x0000012c7fcdf000 JavaThread "Common-Cleaner" daemon [_thread_blocked, id=13500, stack(0x0000001a61600000,0x0000001a61700000)]
  0x0000012c7fd06000 JavaThread "Service Thread" daemon [_thread_blocked, id=6828, stack(0x0000001a61700000,0x0000001a61800000)]
  0x0000012c10581800 JavaThread "Daemon health stats" [_thread_blocked, id=6988, stack(0x0000001a61c00000,0x0000001a61d00000)]
  0x0000012c116f9000 JavaThread "Incoming local TCP Connector on port 58758" [_thread_in_native, id=2892, stack(0x0000001a61b00000,0x0000001a61c00000)]
  0x0000012c7fe4f800 JavaThread "Daemon periodic checks" [_thread_blocked, id=14156, stack(0x0000001a61d00000,0x0000001a61e00000)]
  0x0000012c7feb3800 JavaThread "Daemon" [_thread_blocked, id=6388, stack(0x0000001a61e00000,0x0000001a61f00000)]
  0x0000012c11ba0800 JavaThread "Handler for socket connection from /127.0.0.1:58758 to /127.0.0.1:58759" [_thread_in_native, id=12384, stack(0x0000001a61f00000,0x0000001a62000000)]
  0x0000012c10141000 JavaThread "Cancel handler" [_thread_blocked, id=11220, stack(0x0000001a62000000,0x0000001a62100000)]
  0x0000012c11066800 JavaThread "Daemon worker" [_thread_blocked, id=12196, stack(0x0000001a62100000,0x0000001a62200000)]
  0x0000012c11067800 JavaThread "Asynchronous log dispatcher for DefaultDaemonConnection: socket connection from /127.0.0.1:58758 to /127.0.0.1:58759" [_thread_blocked, id=7152, stack(0x0000001a62200000,0x0000001a62300000)]
  0x0000012c11865000 JavaThread "Stdin handler" [_thread_blocked, id=7432, stack(0x0000001a62300000,0x0000001a62400000)]
  0x0000012c10b97000 JavaThread "Daemon client event forwarder" [_thread_blocked, id=10764, stack(0x0000001a62400000,0x0000001a62500000)]
  0x0000012c0f93e000 JavaThread "Cache worker for journal cache (C:\Users\Admin\.gradle\caches\journal-1)" [_thread_blocked, id=9696, stack(0x0000001a62500000,0x0000001a62600000)]
  0x0000012c0f93f000 JavaThread "File lock request listener" [_thread_in_native, id=11008, stack(0x0000001a62700000,0x0000001a62800000)]
  0x0000012c0f939800 JavaThread "Cache worker for file hash cache (C:\Users\Admin\.gradle\caches\7.5.1\fileHashes)" [_thread_blocked, id=14136, stack(0x0000001a62800000,0x0000001a62900000)]
  0x0000012c0f940000 JavaThread "File watcher server" daemon [_thread_in_native, id=14228, stack(0x0000001a62900000,0x0000001a62a00000)]
  0x0000012c0f93a000 JavaThread "File watcher consumer" daemon [_thread_blocked, id=13484, stack(0x0000001a62a00000,0x0000001a62b00000)]
  0x0000012c0f93b000 JavaThread "Cache worker for checksums cache (D:\CewApp - 0.1\android\.gradle\7.5.1\checksums)" [_thread_blocked, id=12756, stack(0x0000001a62b00000,0x0000001a62c00000)]
  0x0000012c0f93c000 JavaThread "Cache worker for cache directory md-rule (C:\Users\Admin\.gradle\caches\7.5.1\md-rule)" [_thread_blocked, id=6264, stack(0x0000001a62c00000,0x0000001a62d00000)]
  0x0000012c0f93c800 JavaThread "Cache worker for file content cache (C:\Users\Admin\.gradle\caches\7.5.1\fileContent)" [_thread_blocked, id=10948, stack(0x0000001a62d00000,0x0000001a62e00000)]
  0x0000012c124f2800 JavaThread "Cache worker for file hash cache (D:\CewApp - 0.1\android\.gradle\7.5.1\fileHashes)" [_thread_blocked, id=2896, stack(0x0000001a62f00000,0x0000001a63000000)]
  0x0000012c124f5000 JavaThread "Cache worker for cache directory md-supplier (C:\Users\Admin\.gradle\caches\7.5.1\md-supplier)" [_thread_blocked, id=11044, stack(0x0000001a63000000,0x0000001a63100000)]
  0x0000012c124f2000 JavaThread "Cache worker for execution history cache (C:\Users\Admin\.gradle\caches\7.5.1\executionHistory)" [_thread_blocked, id=10652, stack(0x0000001a63100000,0x0000001a63200000)]
  0x0000012c124f4800 JavaThread "jar transforms" [_thread_blocked, id=3012, stack(0x0000001a63200000,0x0000001a63300000)]
  0x0000012c124f6000 JavaThread "jar transforms Thread 2" [_thread_blocked, id=9156, stack(0x0000001a63300000,0x0000001a63400000)]
  0x0000012c124f3800 JavaThread "jar transforms Thread 3" [_thread_blocked, id=14076, stack(0x0000001a62e00000,0x0000001a62f00000)]
  0x0000012c124f7000 JavaThread "jar transforms Thread 4" [_thread_blocked, id=13432, stack(0x0000001a63400000,0x0000001a63500000)]
  0x0000012c124f8800 JavaThread "Cache worker for kotlin-dsl (C:\Users\Admin\.gradle\caches\7.5.1\kotlin-dsl)" [_thread_blocked, id=9552, stack(0x0000001a63600000,0x0000001a63700000)]
  0x0000012c124fd800 JavaThread "Cache worker for dependencies-accessors (D:\CewApp - 0.1\android\.gradle\7.5.1\dependencies-accessors)" [_thread_blocked, id=1096, stack(0x0000001a63700000,0x0000001a63800000)]
  0x0000012c124fa000 JavaThread "Cache worker for Build Output Cleanup Cache (D:\CewApp - 0.1\node_modules\react-native-gradle-plugin\.gradle\buildOutputCleanup)" [_thread_blocked, id=10836, stack(0x0000001a63800000,0x0000001a63900000)]
  0x0000012c124f7800 JavaThread "Unconstrained build operations" [_thread_blocked, id=5600, stack(0x0000001a63a00000,0x0000001a63b00000)]
  0x0000012c124fc800 JavaThread "Unconstrained build operations Thread 2" [_thread_blocked, id=8648, stack(0x0000001a63b00000,0x0000001a63c00000)]
  0x0000012c124fb000 JavaThread "Unconstrained build operations Thread 3" [_thread_blocked, id=10160, stack(0x0000001a63c00000,0x0000001a63d00000)]
  0x0000012c124fb800 JavaThread "Unconstrained build operations Thread 4" [_thread_blocked, id=2520, stack(0x0000001a63d00000,0x0000001a63e00000)]
  0x0000012c124fe000 JavaThread "Unconstrained build operations Thread 5" [_thread_blocked, id=13540, stack(0x0000001a63e00000,0x0000001a63f00000)]
  0x0000012c124ff000 JavaThread "Unconstrained build operations Thread 6" [_thread_blocked, id=13988, stack(0x0000001a63f00000,0x0000001a64000000)]
  0x0000012c124f9800 JavaThread "Unconstrained build operations Thread 7" [_thread_blocked, id=5976, stack(0x0000001a64000000,0x0000001a64100000)]
  0x0000012c0f93d800 JavaThread "Unconstrained build operations Thread 8" [_thread_blocked, id=9500, stack(0x0000001a64100000,0x0000001a64200000)]
  0x0000012c10c0b800 JavaThread "Unconstrained build operations Thread 9" [_thread_blocked, id=14200, stack(0x0000001a64200000,0x0000001a64300000)]
  0x0000012c10c0c000 JavaThread "Unconstrained build operations Thread 10" [_thread_blocked, id=12412, stack(0x0000001a64300000,0x0000001a64400000)]
  0x0000012c10c09000 JavaThread "Unconstrained build operations Thread 11" [_thread_blocked, id=2816, stack(0x0000001a64400000,0x0000001a64500000)]
  0x0000012c10c0d000 JavaThread "Unconstrained build operations Thread 12" [_thread_blocked, id=11896, stack(0x0000001a64500000,0x0000001a64600000)]
  0x0000012c10c08000 JavaThread "Unconstrained build operations Thread 13" [_thread_blocked, id=4812, stack(0x0000001a64600000,0x0000001a64700000)]
  0x0000012c10c07800 JavaThread "Unconstrained build operations Thread 14" [_thread_blocked, id=10208, stack(0x0000001a64700000,0x0000001a64800000)]
  0x0000012c10c09800 JavaThread "Unconstrained build operations Thread 15" [_thread_blocked, id=13296, stack(0x0000001a64800000,0x0000001a64900000)]
  0x0000012c10c0a800 JavaThread "Unconstrained build operations Thread 16" [_thread_blocked, id=1684, stack(0x0000001a64900000,0x0000001a64a00000)]
  0x0000012c10c12000 JavaThread "Unconstrained build operations Thread 17" [_thread_blocked, id=12212, stack(0x0000001a64a00000,0x0000001a64b00000)]
  0x0000012c10c11000 JavaThread "Unconstrained build operations Thread 18" [_thread_blocked, id=13056, stack(0x0000001a64b00000,0x0000001a64c00000)]
  0x0000012c10c0f800 JavaThread "Unconstrained build operations Thread 19" [_thread_blocked, id=4700, stack(0x0000001a64c00000,0x0000001a64d00000)]
  0x0000012c10c12800 JavaThread "Unconstrained build operations Thread 20" [_thread_blocked, id=13940, stack(0x0000001a64d00000,0x0000001a64e00000)]
  0x0000012c10c10000 JavaThread "Unconstrained build operations Thread 21" [_thread_blocked, id=14208, stack(0x0000001a64e00000,0x0000001a64f00000)]
  0x0000012c10c13800 JavaThread "Unconstrained build operations Thread 22" [_thread_blocked, id=11108, stack(0x0000001a64f00000,0x0000001a65000000)]
  0x0000012c10c0e000 JavaThread "Unconstrained build operations Thread 23" [_thread_blocked, id=13732, stack(0x0000001a65000000,0x0000001a65100000)]
  0x0000012c10c14800 JavaThread "Unconstrained build operations Thread 24" [_thread_blocked, id=7128, stack(0x0000001a65100000,0x0000001a65200000)]
  0x0000012c10c0e800 JavaThread "Unconstrained build operations Thread 25" [_thread_blocked, id=6080, stack(0x0000001a65200000,0x0000001a65300000)]
  0x0000012c10c15000 JavaThread "Unconstrained build operations Thread 26" [_thread_blocked, id=6504, stack(0x0000001a65300000,0x0000001a65400000)]
  0x0000012c10c16000 JavaThread "Unconstrained build operations Thread 27" [_thread_blocked, id=3376, stack(0x0000001a65400000,0x0000001a65500000)]
  0x0000012c156f5000 JavaThread "Unconstrained build operations Thread 28" [_thread_blocked, id=14020, stack(0x0000001a65500000,0x0000001a65600000)]
  0x0000012c156fb000 JavaThread "Unconstrained build operations Thread 29" [_thread_blocked, id=13240, stack(0x0000001a65600000,0x0000001a65700000)]
  0x0000012c156f7000 JavaThread "Unconstrained build operations Thread 30" [_thread_blocked, id=4572, stack(0x0000001a65700000,0x0000001a65800000)]
  0x0000012c156f6000 JavaThread "Unconstrained build operations Thread 31" [_thread_blocked, id=12100, stack(0x0000001a65800000,0x0000001a65900000)]
  0x0000012c156f9800 JavaThread "Unconstrained build operations Thread 32" [_thread_blocked, id=13572, stack(0x0000001a65900000,0x0000001a65a00000)]
  0x0000012c156fb800 JavaThread "Unconstrained build operations Thread 33" [_thread_blocked, id=4520, stack(0x0000001a65a00000,0x0000001a65b00000)]
  0x0000012c156fc800 JavaThread "build event listener" [_thread_blocked, id=10364, stack(0x0000001a65c00000,0x0000001a65d00000)]
  0x0000012c156fa000 JavaThread "Memory manager" [_thread_blocked, id=13756, stack(0x0000001a65e00000,0x0000001a65f00000)]
  0x0000012c156f7800 JavaThread "Cache worker for Build Output Cleanup Cache (D:\CewApp - 0.1\android\.gradle\buildOutputCleanup)" [_thread_blocked, id=11100, stack(0x0000001a65f00000,0x0000001a66000000)]
  0x0000012c156f8800 JavaThread "Execution worker" [_thread_blocked, id=13048, stack(0x0000001a66100000,0x0000001a66200000)]
  0x0000012c15702800 JavaThread "Execution worker Thread 2" [_thread_blocked, id=5704, stack(0x0000001a66200000,0x0000001a66300000)]
  0x0000012c15704000 JavaThread "Execution worker Thread 3" [_thread_blocked, id=476, stack(0x0000001a66300000,0x0000001a66400000)]
  0x0000012c156fd800 JavaThread "Cache worker for execution history cache (D:\CewApp - 0.1\node_modules\react-native-gradle-plugin\.gradle\7.5.1\executionHistory)" [_thread_blocked, id=5032, stack(0x0000001a65d00000,0x0000001a65e00000)]
  0x0000012c156ff000 JavaThread "Unconstrained build operations Thread 34" [_thread_blocked, id=9024, stack(0x0000001a66400000,0x0000001a66500000)]
  0x0000012c15700000 JavaThread "Unconstrained build operations Thread 35" [_thread_blocked, id=6620, stack(0x0000001a66500000,0x0000001a66600000)]
  0x0000012c15703000 JavaThread "Unconstrained build operations Thread 36" [_thread_blocked, id=13672, stack(0x0000001a66600000,0x0000001a66700000)]
  0x0000012c15700800 JavaThread "Unconstrained build operations Thread 37" [_thread_blocked, id=4000, stack(0x0000001a66700000,0x0000001a66800000)]
  0x0000012c15701800 JavaThread "Unconstrained build operations Thread 38" [_thread_blocked, id=5364, stack(0x0000001a66800000,0x0000001a66900000)]
  0x0000012c124f1000 JavaThread "Unconstrained build operations Thread 39" [_thread_blocked, id=1452, stack(0x0000001a66900000,0x0000001a66a00000)]
  0x0000012c0ff1d000 JavaThread "Unconstrained build operations Thread 40" [_thread_blocked, id=9188, stack(0x0000001a66a00000,0x0000001a66b00000)]
  0x0000012c0ff1f800 JavaThread "C2 CompilerThread1" daemon [_thread_blocked, id=14124, stack(0x0000001a60500000,0x0000001a60600000)]

Other Threads:
=>0x0000012c7f1ec800 VMThread "VM Thread" [stack: 0x0000001a60e00000,0x0000001a60f00000] [id=13176]
  0x0000012c7fd1f000 WatcherThread [stack: 0x0000001a61800000,0x0000001a61900000] [id=4544]
  0x0000012c696dc000 GCTaskThread "GC Thread#0" [stack: 0x0000001a60900000,0x0000001a60a00000] [id=7844]
  0x0000012c0f359800 GCTaskThread "GC Thread#1" [stack: 0x0000001a61900000,0x0000001a61a00000] [id=5092]
  0x0000012c0f0cf800 GCTaskThread "GC Thread#2" [stack: 0x0000001a61a00000,0x0000001a61b00000] [id=11040]
  0x0000012c103ab800 GCTaskThread "GC Thread#3" [stack: 0x0000001a62600000,0x0000001a62700000] [id=2416]
  0x0000012c69743000 ConcurrentGCThread "G1 Main Marker" [stack: 0x0000001a60a00000,0x0000001a60b00000] [id=8040]
  0x0000012c69744800 ConcurrentGCThread "G1 Conc#0" [stack: 0x0000001a60b00000,0x0000001a60c00000] [id=7808]
  0x0000012c7f073800 ConcurrentGCThread "G1 Refine#0" [stack: 0x0000001a60c00000,0x0000001a60d00000] [id=8456]
  0x0000012c7f074000 ConcurrentGCThread "G1 Young RemSet Sampling" [stack: 0x0000001a60d00000,0x0000001a60e00000] [id=13212]

Threads with active compile tasks:
C2 CompilerThread014686       4       org.gradle.api.internal.artifacts.configurations.DefaultConfiguration::collectSuperConfigs (61 bytes)
C2 CompilerThread114758   !   4       org.gradle.api.internal.file.FileOrUriNotationConverter::convert (310 bytes)

VM state:at safepoint (normal execution)

VM Mutex/Monitor currently owned by a thread:  ([mutex/lock_event])
[0x0000012c696c0b30] Threads_lock - owner thread: 0x0000012c7f1ec800
[0x0000012c696bff60] Heap_lock - owner thread: 0x0000012c11066800

Heap address: 0x00000006e0000000, size: 4608 MB, Compressed Oops mode: Zero based, Oop shift amount: 3
Narrow klass base: 0x0000000800000000, Narrow klass shift: 0
Compressed class space size: 528482304 Address: 0x0000000800000000

Heap:
 garbage-first heap   total 360448K, used 237557K [0x00000006e0000000, 0x0000000800000000)
  region size 1024K, 4 young (4096K), 4 survivors (4096K)
 Metaspace       used 115734K, capacity 122782K, committed 122904K, reserved 622592K
  class space    used 15501K, capacity 17990K, committed 18072K, reserved 516096K
Heap Regions: E=young(eden), S=young(survivor), O=old, HS=humongous(starts), HC=humongous(continues), CS=collection set, F=free, A=archive, TAMS=top-at-mark-start (previous, next)
|   0|0x00000006e0000000, 0x00000006e0100000, 0x00000006e0100000|100%|HS|  |TAMS 0x00000006e0100000, 0x00000006e0000000| Complete 
|   1|0x00000006e0100000, 0x00000006e0200000, 0x00000006e0200000|100%|HC|  |TAMS 0x00000006e0200000, 0x00000006e0100000| Complete 
|   2|0x00000006e0200000, 0x00000006e0300000, 0x00000006e0300000|100%|HC|  |TAMS 0x00000006e0300000, 0x00000006e0200000| Complete 
|   3|0x00000006e0300000, 0x00000006e0400000, 0x00000006e0400000|100%| O|  |TAMS 0x00000006e0400000, 0x00000006e0300000| Untracked 
|   4|0x00000006e0400000, 0x00000006e0500000, 0x00000006e0500000|100%| O|  |TAMS 0x00000006e0500000, 0x00000006e0400000| Untracked 
|   5|0x00000006e0500000, 0x00000006e0600000, 0x00000006e0600000|100%| O|  |TAMS 0x00000006e0600000, 0x00000006e0500000| Untracked 
|   6|0x00000006e0600000, 0x00000006e0700000, 0x00000006e0700000|100%| O|  |TAMS 0x00000006e0700000, 0x00000006e0600000| Untracked 
|   7|0x00000006e0700000, 0x00000006e0800000, 0x00000006e0800000|100%| O|  |TAMS 0x00000006e0800000, 0x00000006e0700000| Untracked 
|   8|0x00000006e0800000, 0x00000006e0900000, 0x00000006e0900000|100%| O|  |TAMS 0x00000006e0900000, 0x00000006e0800000| Untracked 
|   9|0x00000006e0900000, 0x00000006e0a00000, 0x00000006e0a00000|100%| O|  |TAMS 0x00000006e0a00000, 0x00000006e0900000| Untracked 
|  10|0x00000006e0a00000, 0x00000006e0b00000, 0x00000006e0b00000|100%| O|  |TAMS 0x00000006e0b00000, 0x00000006e0a00000| Untracked 
|  11|0x00000006e0b00000, 0x00000006e0c00000, 0x00000006e0c00000|100%| O|  |TAMS 0x00000006e0c00000, 0x00000006e0b00000| Untracked 
|  12|0x00000006e0c00000, 0x00000006e0d00000, 0x00000006e0d00000|100%| O|  |TAMS 0x00000006e0d00000, 0x00000006e0c00000| Untracked 
|  13|0x00000006e0d00000, 0x00000006e0e00000, 0x00000006e0e00000|100%| O|  |TAMS 0x00000006e0e00000, 0x00000006e0d00000| Untracked 
|  14|0x00000006e0e00000, 0x00000006e0f00000, 0x00000006e0f00000|100%| O|  |TAMS 0x00000006e0f00000, 0x00000006e0e00000| Untracked 
|  15|0x00000006e0f00000, 0x00000006e1000000, 0x00000006e1000000|100%| O|  |TAMS 0x00000006e1000000, 0x00000006e0f00000| Untracked 
|  16|0x00000006e1000000, 0x00000006e1100000, 0x00000006e1100000|100%| O|  |TAMS 0x00000006e1100000, 0x00000006e1000000| Untracked 
|  17|0x00000006e1100000, 0x00000006e1200000, 0x00000006e1200000|100%| O|  |TAMS 0x00000006e1200000, 0x00000006e1100000| Untracked 
|  18|0x00000006e1200000, 0x00000006e1300000, 0x00000006e1300000|100%| O|  |TAMS 0x00000006e1300000, 0x00000006e1200000| Untracked 
|  19|0x00000006e1300000, 0x00000006e1400000, 0x00000006e1400000|100%| O|  |TAMS 0x00000006e1400000, 0x00000006e1300000| Untracked 
|  20|0x00000006e1400000, 0x00000006e1500000, 0x00000006e1500000|100%| O|  |TAMS 0x00000006e1500000, 0x00000006e1400000| Untracked 
|  21|0x00000006e1500000, 0x00000006e1600000, 0x00000006e1600000|100%| O|  |TAMS 0x00000006e1600000, 0x00000006e1500000| Untracked 
|  22|0x00000006e1600000, 0x00000006e1700000, 0x00000006e1700000|100%| O|  |TAMS 0x00000006e1700000, 0x00000006e1600000| Untracked 
|  23|0x00000006e1700000, 0x00000006e1800000, 0x00000006e1800000|100%| O|  |TAMS 0x00000006e1800000, 0x00000006e1700000| Untracked 
|  24|0x00000006e1800000, 0x00000006e1900000, 0x00000006e1900000|100%| O|  |TAMS 0x00000006e1900000, 0x00000006e1800000| Untracked 
|  25|0x00000006e1900000, 0x00000006e1a00000, 0x00000006e1a00000|100%| O|  |TAMS 0x00000006e1a00000, 0x00000006e1900000| Untracked 
|  26|0x00000006e1a00000, 0x00000006e1b00000, 0x00000006e1b00000|100%| O|  |TAMS 0x00000006e1b00000, 0x00000006e1a00000| Untracked 
|  27|0x00000006e1b00000, 0x00000006e1c00000, 0x00000006e1c00000|100%| O|  |TAMS 0x00000006e1c00000, 0x00000006e1b00000| Untracked 
|  28|0x00000006e1c00000, 0x00000006e1d00000, 0x00000006e1d00000|100%| O|  |TAMS 0x00000006e1d00000, 0x00000006e1c00000| Untracked 
|  29|0x00000006e1d00000, 0x00000006e1e00000, 0x00000006e1e00000|100%| O|  |TAMS 0x00000006e1e00000, 0x00000006e1d00000| Untracked 
|  30|0x00000006e1e00000, 0x00000006e1f00000, 0x00000006e1f00000|100%| O|  |TAMS 0x00000006e1f00000, 0x00000006e1e00000| Untracked 
|  31|0x00000006e1f00000, 0x00000006e2000000, 0x00000006e2000000|100%|HS|  |TAMS 0x00000006e2000000, 0x00000006e1f00000| Complete 
|  32|0x00000006e2000000, 0x00000006e2100000, 0x00000006e2100000|100%|HS|  |TAMS 0x00000006e2100000, 0x00000006e2000000| Complete 
|  33|0x00000006e2100000, 0x00000006e2200000, 0x00000006e2200000|100%|HC|  |TAMS 0x00000006e2200000, 0x00000006e2100000| Complete 
|  34|0x00000006e2200000, 0x00000006e2300000, 0x00000006e2300000|100%|HC|  |TAMS 0x00000006e2300000, 0x00000006e2200000| Complete 
|  35|0x00000006e2300000, 0x00000006e2400000, 0x00000006e2400000|100%| O|  |TAMS 0x00000006e2400000, 0x00000006e2300000| Untracked 
|  36|0x00000006e2400000, 0x00000006e2500000, 0x00000006e2500000|100%| O|  |TAMS 0x00000006e2500000, 0x00000006e2400000| Untracked 
|  37|0x00000006e2500000, 0x00000006e2600000, 0x00000006e2600000|100%| O|  |TAMS 0x00000006e2600000, 0x00000006e2500000| Untracked 
|  38|0x00000006e2600000, 0x00000006e2700000, 0x00000006e2700000|100%| O|  |TAMS 0x00000006e2700000, 0x00000006e2600000| Untracked 
|  39|0x00000006e2700000, 0x00000006e2800000, 0x00000006e2800000|100%| O|  |TAMS 0x00000006e2800000, 0x00000006e2700000| Untracked 
|  40|0x00000006e2800000, 0x00000006e2900000, 0x00000006e2900000|100%| O|  |TAMS 0x00000006e2900000, 0x00000006e2800000| Untracked 
|  41|0x00000006e2900000, 0x00000006e2a00000, 0x00000006e2a00000|100%| O|  |TAMS 0x00000006e2a00000, 0x00000006e2900000| Untracked 
|  42|0x00000006e2a00000, 0x00000006e2b00000, 0x00000006e2b00000|100%| O|  |TAMS 0x00000006e2b00000, 0x00000006e2a00000| Untracked 
|  43|0x00000006e2b00000, 0x00000006e2c00000, 0x00000006e2c00000|100%| O|  |TAMS 0x00000006e2c00000, 0x00000006e2b00000| Untracked 
|  44|0x00000006e2c00000, 0x00000006e2d00000, 0x00000006e2d00000|100%| O|  |TAMS 0x00000006e2d00000, 0x00000006e2c00000| Untracked 
|  45|0x00000006e2d00000, 0x00000006e2e00000, 0x00000006e2e00000|100%| O|  |TAMS 0x00000006e2e00000, 0x00000006e2d00000| Untracked 
|  46|0x00000006e2e00000, 0x00000006e2f00000, 0x00000006e2f00000|100%| O|  |TAMS 0x00000006e2f00000, 0x00000006e2e00000| Untracked 
|  47|0x00000006e2f00000, 0x00000006e3000000, 0x00000006e3000000|100%| O|  |TAMS 0x00000006e3000000, 0x00000006e2f00000| Untracked 
|  48|0x00000006e3000000, 0x00000006e3100000, 0x00000006e3100000|100%|HS|  |TAMS 0x00000006e3100000, 0x00000006e3000000| Complete 
|  49|0x00000006e3100000, 0x00000006e3200000, 0x00000006e3200000|100%| O|  |TAMS 0x00000006e3200000, 0x00000006e3100000| Untracked 
|  50|0x00000006e3200000, 0x00000006e3300000, 0x00000006e3300000|100%| O|  |TAMS 0x00000006e3300000, 0x00000006e3200000| Untracked 
|  51|0x00000006e3300000, 0x00000006e3400000, 0x00000006e3400000|100%| O|  |TAMS 0x00000006e3400000, 0x00000006e3300000| Untracked 
|  52|0x00000006e3400000, 0x00000006e3500000, 0x00000006e3500000|100%| O|  |TAMS 0x00000006e3500000, 0x00000006e3400000| Untracked 
|  53|0x00000006e3500000, 0x00000006e3600000, 0x00000006e3600000|100%| O|  |TAMS 0x00000006e3600000, 0x00000006e3500000| Untracked 
|  54|0x00000006e3600000, 0x00000006e3700000, 0x00000006e3700000|100%| O|  |TAMS 0x00000006e3700000, 0x00000006e3600000| Untracked 
|  55|0x00000006e3700000, 0x00000006e3800000, 0x00000006e3800000|100%| O|  |TAMS 0x00000006e3800000, 0x00000006e3700000| Untracked 
|  56|0x00000006e3800000, 0x00000006e3900000, 0x00000006e3900000|100%|HS|  |TAMS 0x00000006e3900000, 0x00000006e3800000| Complete 
|  57|0x00000006e3900000, 0x00000006e3a00000, 0x00000006e3a00000|100%|HS|  |TAMS 0x00000006e3a00000, 0x00000006e3900000| Complete 
|  58|0x00000006e3a00000, 0x00000006e3b00000, 0x00000006e3b00000|100%|HS|  |TAMS 0x00000006e3b00000, 0x00000006e3a00000| Complete 
|  59|0x00000006e3b00000, 0x00000006e3c00000, 0x00000006e3c00000|100%|HC|  |TAMS 0x00000006e3c00000, 0x00000006e3b00000| Complete 
|  60|0x00000006e3c00000, 0x00000006e3d00000, 0x00000006e3d00000|100%| O|  |TAMS 0x00000006e3d00000, 0x00000006e3c00000| Untracked 
|  61|0x00000006e3d00000, 0x00000006e3e00000, 0x00000006e3e00000|100%| O|  |TAMS 0x00000006e3e00000, 0x00000006e3d00000| Untracked 
|  62|0x00000006e3e00000, 0x00000006e3f00000, 0x00000006e3f00000|100%| O|  |TAMS 0x00000006e3f00000, 0x00000006e3e00000| Untracked 
|  63|0x00000006e3f00000, 0x00000006e4000000, 0x00000006e4000000|100%| O|  |TAMS 0x00000006e4000000, 0x00000006e3f00000| Untracked 
|  64|0x00000006e4000000, 0x00000006e4100000, 0x00000006e4100000|100%| O|  |TAMS 0x00000006e4100000, 0x00000006e4000000| Untracked 
|  65|0x00000006e4100000, 0x00000006e4200000, 0x00000006e4200000|100%| O|  |TAMS 0x00000006e4200000, 0x00000006e4100000| Untracked 
|  66|0x00000006e4200000, 0x00000006e4300000, 0x00000006e4300000|100%| O|  |TAMS 0x00000006e4300000, 0x00000006e4200000| Untracked 
|  67|0x00000006e4300000, 0x00000006e4400000, 0x00000006e4400000|100%| O|  |TAMS 0x00000006e4400000, 0x00000006e4300000| Untracked 
|  68|0x00000006e4400000, 0x00000006e4500000, 0x00000006e4500000|100%| O|  |TAMS 0x00000006e4500000, 0x00000006e4400000| Untracked 
|  69|0x00000006e4500000, 0x00000006e4600000, 0x00000006e4600000|100%| O|  |TAMS 0x00000006e4600000, 0x00000006e4500000| Untracked 
|  70|0x00000006e4600000, 0x00000006e4700000, 0x00000006e4700000|100%| O|  |TAMS 0x00000006e4700000, 0x00000006e4600000| Untracked 
|  71|0x00000006e4700000, 0x00000006e4800000, 0x00000006e4800000|100%| O|  |TAMS 0x00000006e4800000, 0x00000006e4700000| Untracked 
|  72|0x00000006e4800000, 0x00000006e4900000, 0x00000006e4900000|100%| O|  |TAMS 0x00000006e4900000, 0x00000006e4800000| Untracked 
|  73|0x00000006e4900000, 0x00000006e4a00000, 0x00000006e4a00000|100%| O|  |TAMS 0x00000006e4a00000, 0x00000006e4900000| Untracked 
|  74|0x00000006e4a00000, 0x00000006e4b00000, 0x00000006e4b00000|100%| O|  |TAMS 0x00000006e4b00000, 0x00000006e4a00000| Untracked 
|  75|0x00000006e4b00000, 0x00000006e4c00000, 0x00000006e4c00000|100%| O|  |TAMS 0x00000006e4c00000, 0x00000006e4b00000| Untracked 
|  76|0x00000006e4c00000, 0x00000006e4d00000, 0x00000006e4d00000|100%| O|  |TAMS 0x00000006e4d00000, 0x00000006e4c00000| Untracked 
|  77|0x00000006e4d00000, 0x00000006e4e00000, 0x00000006e4e00000|100%| O|  |TAMS 0x00000006e4e00000, 0x00000006e4d00000| Untracked 
|  78|0x00000006e4e00000, 0x00000006e4f00000, 0x00000006e4f00000|100%| O|  |TAMS 0x00000006e4f00000, 0x00000006e4e00000| Untracked 
|  79|0x00000006e4f00000, 0x00000006e5000000, 0x00000006e5000000|100%| O|  |TAMS 0x00000006e5000000, 0x00000006e4f00000| Untracked 
|  80|0x00000006e5000000, 0x00000006e5100000, 0x00000006e5100000|100%| O|  |TAMS 0x00000006e5100000, 0x00000006e5000000| Untracked 
|  81|0x00000006e5100000, 0x00000006e5200000, 0x00000006e5200000|100%| O|  |TAMS 0x00000006e5200000, 0x00000006e5100000| Untracked 
|  82|0x00000006e5200000, 0x00000006e5300000, 0x00000006e5300000|100%| O|  |TAMS 0x00000006e5300000, 0x00000006e5200000| Untracked 
|  83|0x00000006e5300000, 0x00000006e5400000, 0x00000006e5400000|100%| O|  |TAMS 0x00000006e5400000, 0x00000006e5300000| Untracked 
|  84|0x00000006e5400000, 0x00000006e5500000, 0x00000006e5500000|100%| O|  |TAMS 0x00000006e5500000, 0x00000006e5400000| Untracked 
|  85|0x00000006e5500000, 0x00000006e5600000, 0x00000006e5600000|100%| O|  |TAMS 0x00000006e5600000, 0x00000006e5500000| Untracked 
|  86|0x00000006e5600000, 0x00000006e5700000, 0x00000006e5700000|100%| O|  |TAMS 0x00000006e5700000, 0x00000006e5600000| Untracked 
|  87|0x00000006e5700000, 0x00000006e5800000, 0x00000006e5800000|100%| O|  |TAMS 0x00000006e5800000, 0x00000006e5700000| Untracked 
|  88|0x00000006e5800000, 0x00000006e5900000, 0x00000006e5900000|100%| O|  |TAMS 0x00000006e5900000, 0x00000006e5800000| Untracked 
|  89|0x00000006e5900000, 0x00000006e5a00000, 0x00000006e5a00000|100%| O|  |TAMS 0x00000006e5a00000, 0x00000006e5900000| Untracked 
|  90|0x00000006e5a00000, 0x00000006e5b00000, 0x00000006e5b00000|100%| O|  |TAMS 0x00000006e5b00000, 0x00000006e5a00000| Untracked 
|  91|0x00000006e5b00000, 0x00000006e5c00000, 0x00000006e5c00000|100%| O|  |TAMS 0x00000006e5c00000, 0x00000006e5b00000| Untracked 
|  92|0x00000006e5c00000, 0x00000006e5d00000, 0x00000006e5d00000|100%| O|  |TAMS 0x00000006e5d00000, 0x00000006e5c00000| Untracked 
|  93|0x00000006e5d00000, 0x00000006e5e00000, 0x00000006e5e00000|100%| O|  |TAMS 0x00000006e5e00000, 0x00000006e5d00000| Untracked 
|  94|0x00000006e5e00000, 0x00000006e5f00000, 0x00000006e5f00000|100%| O|  |TAMS 0x00000006e5f00000, 0x00000006e5e00000| Untracked 
|  95|0x00000006e5f00000, 0x00000006e6000000, 0x00000006e6000000|100%| O|  |TAMS 0x00000006e6000000, 0x00000006e5f00000| Untracked 
|  96|0x00000006e6000000, 0x00000006e6100000, 0x00000006e6100000|100%| O|  |TAMS 0x00000006e6100000, 0x00000006e6000000| Untracked 
|  97|0x00000006e6100000, 0x00000006e6200000, 0x00000006e6200000|100%| O|  |TAMS 0x00000006e6200000, 0x00000006e6100000| Untracked 
|  98|0x00000006e6200000, 0x00000006e6300000, 0x00000006e6300000|100%| O|  |TAMS 0x00000006e6300000, 0x00000006e6200000| Untracked 
|  99|0x00000006e6300000, 0x00000006e6400000, 0x00000006e6400000|100%| O|  |TAMS 0x00000006e6400000, 0x00000006e6300000| Untracked 
| 100|0x00000006e6400000, 0x00000006e6500000, 0x00000006e6500000|100%| O|  |TAMS 0x00000006e6500000, 0x00000006e6400000| Untracked 
| 101|0x00000006e6500000, 0x00000006e6600000, 0x00000006e6600000|100%| O|  |TAMS 0x00000006e6600000, 0x00000006e6500000| Untracked 
| 102|0x00000006e6600000, 0x00000006e6700000, 0x00000006e6700000|100%| O|  |TAMS 0x00000006e6700000, 0x00000006e6600000| Untracked 
| 103|0x00000006e6700000, 0x00000006e6800000, 0x00000006e6800000|100%| O|  |TAMS 0x00000006e6800000, 0x00000006e6700000| Untracked 
| 104|0x00000006e6800000, 0x00000006e6900000, 0x00000006e6900000|100%| O|  |TAMS 0x00000006e6900000, 0x00000006e6800000| Untracked 
| 105|0x00000006e6900000, 0x00000006e6a00000, 0x00000006e6a00000|100%| O|  |TAMS 0x00000006e6a00000, 0x00000006e6900000| Untracked 
| 106|0x00000006e6a00000, 0x00000006e6b00000, 0x00000006e6b00000|100%| O|  |TAMS 0x00000006e6b00000, 0x00000006e6a00000| Untracked 
| 107|0x00000006e6b00000, 0x00000006e6c00000, 0x00000006e6c00000|100%| O|  |TAMS 0x00000006e6c00000, 0x00000006e6b00000| Untracked 
| 108|0x00000006e6c00000, 0x00000006e6d00000, 0x00000006e6d00000|100%| O|  |TAMS 0x00000006e6d00000, 0x00000006e6c00000| Untracked 
| 109|0x00000006e6d00000, 0x00000006e6e00000, 0x00000006e6e00000|100%| O|  |TAMS 0x00000006e6e00000, 0x00000006e6d00000| Untracked 
| 110|0x00000006e6e00000, 0x00000006e6f00000, 0x00000006e6f00000|100%| O|  |TAMS 0x00000006e6f00000, 0x00000006e6e00000| Untracked 
| 111|0x00000006e6f00000, 0x00000006e7000000, 0x00000006e7000000|100%| O|  |TAMS 0x00000006e7000000, 0x00000006e6f00000| Untracked 
| 112|0x00000006e7000000, 0x00000006e7100000, 0x00000006e7100000|100%| O|  |TAMS 0x00000006e7100000, 0x00000006e7000000| Untracked 
| 113|0x00000006e7100000, 0x00000006e7200000, 0x00000006e7200000|100%| O|  |TAMS 0x00000006e7200000, 0x00000006e7100000| Untracked 
| 114|0x00000006e7200000, 0x00000006e7300000, 0x00000006e7300000|100%| O|  |TAMS 0x00000006e7300000, 0x00000006e7200000| Untracked 
| 115|0x00000006e7300000, 0x00000006e7400000, 0x00000006e7400000|100%| O|  |TAMS 0x00000006e7400000, 0x00000006e7300000| Untracked 
| 116|0x00000006e7400000, 0x00000006e7500000, 0x00000006e7500000|100%| O|  |TAMS 0x00000006e7500000, 0x00000006e7400000| Untracked 
| 117|0x00000006e7500000, 0x00000006e7600000, 0x00000006e7600000|100%| O|  |TAMS 0x00000006e7600000, 0x00000006e7500000| Untracked 
| 118|0x00000006e7600000, 0x00000006e7700000, 0x00000006e7700000|100%| O|  |TAMS 0x00000006e7700000, 0x00000006e7600000| Untracked 
| 119|0x00000006e7700000, 0x00000006e7800000, 0x00000006e7800000|100%| O|  |TAMS 0x00000006e7800000, 0x00000006e7700000| Untracked 
| 120|0x00000006e7800000, 0x00000006e7900000, 0x00000006e7900000|100%|HS|  |TAMS 0x00000006e7900000, 0x00000006e7800000| Complete 
| 121|0x00000006e7900000, 0x00000006e7a00000, 0x00000006e7a00000|100%|HC|  |TAMS 0x00000006e7a00000, 0x00000006e7900000| Complete 
| 122|0x00000006e7a00000, 0x00000006e7b00000, 0x00000006e7b00000|100%|HC|  |TAMS 0x00000006e7b00000, 0x00000006e7a00000| Complete 
| 123|0x00000006e7b00000, 0x00000006e7c00000, 0x00000006e7c00000|100%|HS|  |TAMS 0x00000006e7c00000, 0x00000006e7b00000| Complete 
| 124|0x00000006e7c00000, 0x00000006e7d00000, 0x00000006e7d00000|100%|HC|  |TAMS 0x00000006e7d00000, 0x00000006e7c00000| Complete 
| 125|0x00000006e7d00000, 0x00000006e7e00000, 0x00000006e7e00000|100%|HC|  |TAMS 0x00000006e7e00000, 0x00000006e7d00000| Complete 
| 126|0x00000006e7e00000, 0x00000006e7f00000, 0x00000006e7f00000|100%|HS|  |TAMS 0x00000006e7f00000, 0x00000006e7e00000| Complete 
| 127|0x00000006e7f00000, 0x00000006e8000000, 0x00000006e8000000|100%|HC|  |TAMS 0x00000006e8000000, 0x00000006e7f00000| Complete 
| 128|0x00000006e8000000, 0x00000006e8100000, 0x00000006e8100000|100%| O|  |TAMS 0x00000006e8100000, 0x00000006e8000000| Untracked 
| 129|0x00000006e8100000, 0x00000006e8200000, 0x00000006e8200000|100%| O|  |TAMS 0x00000006e8200000, 0x00000006e8100000| Untracked 
| 130|0x00000006e8200000, 0x00000006e8300000, 0x00000006e8300000|100%| O|  |TAMS 0x00000006e8300000, 0x00000006e8200000| Untracked 
| 131|0x00000006e8300000, 0x00000006e8400000, 0x00000006e8400000|100%| O|  |TAMS 0x00000006e8400000, 0x00000006e8300000| Untracked 
| 132|0x00000006e8400000, 0x00000006e8500000, 0x00000006e8500000|100%| O|  |TAMS 0x00000006e8500000, 0x00000006e8400000| Untracked 
| 133|0x00000006e8500000, 0x00000006e8600000, 0x00000006e8600000|100%| O|  |TAMS 0x00000006e8600000, 0x00000006e8500000| Untracked 
| 134|0x00000006e8600000, 0x00000006e8700000, 0x00000006e8700000|100%| O|  |TAMS 0x00000006e86ed600, 0x00000006e8600000| Untracked 
| 135|0x00000006e8700000, 0x00000006e8800000, 0x00000006e8800000|100%| O|  |TAMS 0x00000006e8800000, 0x00000006e8700000| Untracked 
| 136|0x00000006e8800000, 0x00000006e8900000, 0x00000006e8900000|100%| O|  |TAMS 0x00000006e8900000, 0x00000006e8800000| Untracked 
| 137|0x00000006e8900000, 0x00000006e8a00000, 0x00000006e8a00000|100%| O|  |TAMS 0x00000006e8a00000, 0x00000006e8900000| Untracked 
| 138|0x00000006e8a00000, 0x00000006e8b00000, 0x00000006e8b00000|100%| O|  |TAMS 0x00000006e8b00000, 0x00000006e8a00000| Untracked 
| 139|0x00000006e8b00000, 0x00000006e8c00000, 0x00000006e8c00000|100%| O|  |TAMS 0x00000006e8c00000, 0x00000006e8b00000| Untracked 
| 140|0x00000006e8c00000, 0x00000006e8d00000, 0x00000006e8d00000|100%|HS|  |TAMS 0x00000006e8d00000, 0x00000006e8c00000| Complete 
| 141|0x00000006e8d00000, 0x00000006e8e00000, 0x00000006e8e00000|100%|HS|  |TAMS 0x00000006e8e00000, 0x00000006e8d00000| Complete 
| 142|0x00000006e8e00000, 0x00000006e8f00000, 0x00000006e8f00000|100%| O|  |TAMS 0x00000006e8f00000, 0x00000006e8e00000| Untracked 
| 143|0x00000006e8f00000, 0x00000006e9000000, 0x00000006e9000000|100%| O|  |TAMS 0x00000006e9000000, 0x00000006e8f00000| Untracked 
| 144|0x00000006e9000000, 0x00000006e9100000, 0x00000006e9100000|100%| O|  |TAMS 0x00000006e9100000, 0x00000006e9000000| Untracked 
| 145|0x00000006e9100000, 0x00000006e9200000, 0x00000006e9200000|100%| O|  |TAMS 0x00000006e9200000, 0x00000006e9100000| Untracked 
| 146|0x00000006e9200000, 0x00000006e9300000, 0x00000006e9300000|100%| O|  |TAMS 0x00000006e9300000, 0x00000006e9200000| Untracked 
| 147|0x00000006e9300000, 0x00000006e9400000, 0x00000006e9400000|100%| O|  |TAMS 0x00000006e9400000, 0x00000006e9300000| Untracked 
| 148|0x00000006e9400000, 0x00000006e9500000, 0x00000006e9500000|100%| O|  |TAMS 0x00000006e9500000, 0x00000006e9400000| Untracked 
| 149|0x00000006e9500000, 0x00000006e9600000, 0x00000006e9600000|100%| O|  |TAMS 0x00000006e9600000, 0x00000006e9500000| Untracked 
| 150|0x00000006e9600000, 0x00000006e9700000, 0x00000006e9700000|100%| O|  |TAMS 0x00000006e9700000, 0x00000006e9600000| Untracked 
| 151|0x00000006e9700000, 0x00000006e9800000, 0x00000006e9800000|100%| O|  |TAMS 0x00000006e9800000, 0x00000006e9700000| Untracked 
| 152|0x00000006e9800000, 0x00000006e9900000, 0x00000006e9900000|100%| O|  |TAMS 0x00000006e9900000, 0x00000006e9800000| Untracked 
| 153|0x00000006e9900000, 0x00000006e9a00000, 0x00000006e9a00000|100%| O|  |TAMS 0x00000006e9a00000, 0x00000006e9900000| Untracked 
| 154|0x00000006e9a00000, 0x00000006e9b00000, 0x00000006e9b00000|100%|HS|  |TAMS 0x00000006e9b00000, 0x00000006e9a00000| Complete 
| 155|0x00000006e9b00000, 0x00000006e9c00000, 0x00000006e9c00000|100%|HC|  |TAMS 0x00000006e9c00000, 0x00000006e9b00000| Complete 
| 156|0x00000006e9c00000, 0x00000006e9d00000, 0x00000006e9d00000|100%| O|  |TAMS 0x00000006e9d00000, 0x00000006e9c00000| Untracked 
| 157|0x00000006e9d00000, 0x00000006e9e00000, 0x00000006e9e00000|100%| O|  |TAMS 0x00000006e9e00000, 0x00000006e9d00000| Untracked 
| 158|0x00000006e9e00000, 0x00000006e9f00000, 0x00000006e9f00000|100%| O|  |TAMS 0x00000006e9f00000, 0x00000006e9e00000| Untracked 
| 159|0x00000006e9f00000, 0x00000006ea000000, 0x00000006ea000000|100%|HS|  |TAMS 0x00000006ea000000, 0x00000006e9f00000| Complete 
| 160|0x00000006ea000000, 0x00000006ea100000, 0x00000006ea100000|100%|HC|  |TAMS 0x00000006ea100000, 0x00000006ea000000| Complete 
| 161|0x00000006ea100000, 0x00000006ea200000, 0x00000006ea200000|100%| O|  |TAMS 0x00000006ea200000, 0x00000006ea100000| Untracked 
| 162|0x00000006ea200000, 0x00000006ea300000, 0x00000006ea300000|100%| O|  |TAMS 0x00000006ea300000, 0x00000006ea200000| Untracked 
| 163|0x00000006ea300000, 0x00000006ea400000, 0x00000006ea400000|100%| O|  |TAMS 0x00000006ea400000, 0x00000006ea300000| Untracked 
| 164|0x00000006ea400000, 0x00000006ea500000, 0x00000006ea500000|100%| O|  |TAMS 0x00000006ea500000, 0x00000006ea400000| Untracked 
| 165|0x00000006ea500000, 0x00000006ea600000, 0x00000006ea600000|100%| O|  |TAMS 0x00000006ea600000, 0x00000006ea500000| Untracked 
| 166|0x00000006ea600000, 0x00000006ea700000, 0x00000006ea700000|100%| O|  |TAMS 0x00000006ea700000, 0x00000006ea600000| Untracked 
| 167|0x00000006ea700000, 0x00000006ea800000, 0x00000006ea800000|100%| O|  |TAMS 0x00000006ea800000, 0x00000006ea700000| Untracked 
| 168|0x00000006ea800000, 0x00000006ea900000, 0x00000006ea900000|100%|HS|  |TAMS 0x00000006ea900000, 0x00000006ea800000| Complete 
| 169|0x00000006ea900000, 0x00000006eaa00000, 0x00000006eaa00000|100%| O|  |TAMS 0x00000006eaa00000, 0x00000006ea900000| Untracked 
| 170|0x00000006eaa00000, 0x00000006eab00000, 0x00000006eab00000|100%| O|  |TAMS 0x00000006eab00000, 0x00000006eaa00000| Untracked 
| 171|0x00000006eab00000, 0x00000006eac00000, 0x00000006eac00000|100%| O|  |TAMS 0x00000006eac00000, 0x00000006eab00000| Untracked 
| 172|0x00000006eac00000, 0x00000006ead00000, 0x00000006ead00000|100%| O|  |TAMS 0x00000006ead00000, 0x00000006eac00000| Untracked 
| 173|0x00000006ead00000, 0x00000006eae00000, 0x00000006eae00000|100%| O|  |TAMS 0x00000006eae00000, 0x00000006ead00000| Untracked 
| 174|0x00000006eae00000, 0x00000006eaf00000, 0x00000006eaf00000|100%|HS|  |TAMS 0x00000006eaf00000, 0x00000006eae00000| Complete 
| 175|0x00000006eaf00000, 0x00000006eb000000, 0x00000006eb000000|100%|HS|  |TAMS 0x00000006eb000000, 0x00000006eaf00000| Complete 
| 176|0x00000006eb000000, 0x00000006eb100000, 0x00000006eb100000|100%|HC|  |TAMS 0x00000006eb100000, 0x00000006eb000000| Complete 
| 177|0x00000006eb100000, 0x00000006eb200000, 0x00000006eb200000|100%|HC|  |TAMS 0x00000006eb200000, 0x00000006eb100000| Complete 
| 178|0x00000006eb200000, 0x00000006eb300000, 0x00000006eb300000|100%| O|  |TAMS 0x00000006eb300000, 0x00000006eb200000| Untracked 
| 179|0x00000006eb300000, 0x00000006eb400000, 0x00000006eb400000|100%| O|  |TAMS 0x00000006eb400000, 0x00000006eb300000| Untracked 
| 180|0x00000006eb400000, 0x00000006eb500000, 0x00000006eb500000|100%| O|  |TAMS 0x00000006eb500000, 0x00000006eb400000| Untracked 
| 181|0x00000006eb500000, 0x00000006eb600000, 0x00000006eb600000|100%| O|  |TAMS 0x00000006eb600000, 0x00000006eb500000| Untracked 
| 182|0x00000006eb600000, 0x00000006eb700000, 0x00000006eb700000|100%| O|  |TAMS 0x00000006eb700000, 0x00000006eb600000| Untracked 
| 183|0x00000006eb700000, 0x00000006eb800000, 0x00000006eb800000|100%|HS|  |TAMS 0x00000006eb700000, 0x00000006eb700000| Complete 
| 184|0x00000006eb800000, 0x00000006eb900000, 0x00000006eb900000|100%| O|  |TAMS 0x00000006eb800000, 0x00000006eb800000| Untracked 
| 185|0x00000006eb900000, 0x00000006eba00000, 0x00000006eba00000|100%| O|  |TAMS 0x00000006eb900000, 0x00000006eb900000| Untracked 
| 186|0x00000006eba00000, 0x00000006ebb00000, 0x00000006ebb00000|100%| O|  |TAMS 0x00000006eba00000, 0x00000006eba00000| Untracked 
| 187|0x00000006ebb00000, 0x00000006ebc00000, 0x00000006ebc00000|100%| O|  |TAMS 0x00000006ebb00000, 0x00000006ebb00000| Untracked 
| 188|0x00000006ebc00000, 0x00000006ebd00000, 0x00000006ebd00000|100%| O|  |TAMS 0x00000006ebc00000, 0x00000006ebc00000| Untracked 
| 189|0x00000006ebd00000, 0x00000006ebe00000, 0x00000006ebe00000|100%| O|  |TAMS 0x00000006ebd00000, 0x00000006ebd00000| Untracked 
| 190|0x00000006ebe00000, 0x00000006ebf00000, 0x00000006ebf00000|100%| O|  |TAMS 0x00000006ebe00000, 0x00000006ebe00000| Untracked 
| 191|0x00000006ebf00000, 0x00000006ec000000, 0x00000006ec000000|100%| O|  |TAMS 0x00000006ebf00000, 0x00000006ebf00000| Untracked 
| 192|0x00000006ec000000, 0x00000006ec100000, 0x00000006ec100000|100%| O|  |TAMS 0x00000006ec000000, 0x00000006ec000000| Untracked 
| 193|0x00000006ec100000, 0x00000006ec200000, 0x00000006ec200000|100%|HS|  |TAMS 0x00000006ec100000, 0x00000006ec100000| Complete 
| 194|0x00000006ec200000, 0x00000006ec300000, 0x00000006ec300000|100%|HC|  |TAMS 0x00000006ec200000, 0x00000006ec200000| Complete 
| 195|0x00000006ec300000, 0x00000006ec400000, 0x00000006ec400000|100%| O|  |TAMS 0x00000006ec300000, 0x00000006ec300000| Untracked 
| 196|0x00000006ec400000, 0x00000006ec500000, 0x00000006ec500000|100%| O|  |TAMS 0x00000006ec400000, 0x00000006ec400000| Untracked 
| 197|0x00000006ec500000, 0x00000006ec600000, 0x00000006ec600000|100%| O|  |TAMS 0x00000006ec500000, 0x00000006ec500000| Untracked 
| 198|0x00000006ec600000, 0x00000006ec700000, 0x00000006ec700000|100%| O|  |TAMS 0x00000006ec600000, 0x00000006ec600000| Untracked 
| 199|0x00000006ec700000, 0x00000006ec800000, 0x00000006ec800000|100%| O|  |TAMS 0x00000006ec700000, 0x00000006ec700000| Untracked 
| 200|0x00000006ec800000, 0x00000006ec900000, 0x00000006ec900000|100%| O|  |TAMS 0x00000006ec800000, 0x00000006ec800000| Untracked 
| 201|0x00000006ec900000, 0x00000006eca00000, 0x00000006eca00000|100%| O|  |TAMS 0x00000006ec900000, 0x00000006ec900000| Untracked 
| 202|0x00000006eca00000, 0x00000006ecb00000, 0x00000006ecb00000|100%| O|  |TAMS 0x00000006eca00000, 0x00000006eca00000| Untracked 
| 203|0x00000006ecb00000, 0x00000006ecc00000, 0x00000006ecc00000|100%| O|  |TAMS 0x00000006ecb00000, 0x00000006ecb00000| Untracked 
| 204|0x00000006ecc00000, 0x00000006ecd00000, 0x00000006ecd00000|100%| O|  |TAMS 0x00000006ecc00000, 0x00000006ecc00000| Untracked 
| 205|0x00000006ecd00000, 0x00000006ece00000, 0x00000006ece00000|100%| O|  |TAMS 0x00000006ecd00000, 0x00000006ecd00000| Untracked 
| 206|0x00000006ece00000, 0x00000006ecf00000, 0x00000006ecf00000|100%| O|  |TAMS 0x00000006ece00000, 0x00000006ece00000| Untracked 
| 207|0x00000006ecf00000, 0x00000006ed000000, 0x00000006ed000000|100%| O|  |TAMS 0x00000006ecf00000, 0x00000006ecf00000| Untracked 
| 208|0x00000006ed000000, 0x00000006ed100000, 0x00000006ed100000|100%| O|  |TAMS 0x00000006ed000000, 0x00000006ed000000| Untracked 
| 209|0x00000006ed100000, 0x00000006ed200000, 0x00000006ed200000|100%| O|  |TAMS 0x00000006ed100000, 0x00000006ed100000| Untracked 
| 210|0x00000006ed200000, 0x00000006ed300000, 0x00000006ed300000|100%| O|  |TAMS 0x00000006ed200000, 0x00000006ed200000| Untracked 
| 211|0x00000006ed300000, 0x00000006ed400000, 0x00000006ed400000|100%| O|  |TAMS 0x00000006ed300000, 0x00000006ed300000| Untracked 
| 212|0x00000006ed400000, 0x00000006ed500000, 0x00000006ed500000|100%| O|  |TAMS 0x00000006ed400000, 0x00000006ed400000| Untracked 
| 213|0x00000006ed500000, 0x00000006ed600000, 0x00000006ed600000|100%| O|  |TAMS 0x00000006ed500000, 0x00000006ed500000| Untracked 
| 214|0x00000006ed600000, 0x00000006ed700000, 0x00000006ed700000|100%| O|  |TAMS 0x00000006ed600000, 0x00000006ed600000| Untracked 
| 215|0x00000006ed700000, 0x00000006ed800000, 0x00000006ed800000|100%| O|  |TAMS 0x00000006ed700000, 0x00000006ed700000| Untracked 
| 216|0x00000006ed800000, 0x00000006ed900000, 0x00000006ed900000|100%| O|  |TAMS 0x00000006ed800000, 0x00000006ed800000| Untracked 
| 217|0x00000006ed900000, 0x00000006eda00000, 0x00000006eda00000|100%| O|  |TAMS 0x00000006ed900000, 0x00000006ed900000| Untracked 
| 218|0x00000006eda00000, 0x00000006edb00000, 0x00000006edb00000|100%| O|  |TAMS 0x00000006eda00000, 0x00000006eda00000| Untracked 
| 219|0x00000006edb00000, 0x00000006edc00000, 0x00000006edc00000|100%| O|  |TAMS 0x00000006edb00000, 0x00000006edb00000| Untracked 
| 220|0x00000006edc00000, 0x00000006edd00000, 0x00000006edd00000|100%| O|  |TAMS 0x00000006edc00000, 0x00000006edc00000| Untracked 
| 221|0x00000006edd00000, 0x00000006ede00000, 0x00000006ede00000|100%| O|  |TAMS 0x00000006edd00000, 0x00000006edd00000| Untracked 
| 222|0x00000006ede00000, 0x00000006edf00000, 0x00000006edf00000|100%| O|  |TAMS 0x00000006ede00000, 0x00000006ede00000| Untracked 
| 223|0x00000006edf00000, 0x00000006ee000000, 0x00000006ee000000|100%| O|  |TAMS 0x00000006edf00000, 0x00000006edf00000| Untracked 
| 224|0x00000006ee000000, 0x00000006ee100000, 0x00000006ee100000|100%| O|  |TAMS 0x00000006ee000000, 0x00000006ee000000| Untracked 
| 225|0x00000006ee100000, 0x00000006ee200000, 0x00000006ee200000|100%| O|  |TAMS 0x00000006ee100000, 0x00000006ee100000| Untracked 
| 226|0x00000006ee200000, 0x00000006ee300000, 0x00000006ee300000|100%| O|  |TAMS 0x00000006ee200000, 0x00000006ee200000| Untracked 
| 227|0x00000006ee300000, 0x00000006ee3fd400, 0x00000006ee400000| 98%| O|  |TAMS 0x00000006ee300000, 0x00000006ee300000| Untracked 
| 228|0x00000006ee400000, 0x00000006ee400000, 0x00000006ee500000|  0%| F|  |TAMS 0x00000006ee400000, 0x00000006ee400000| Untracked 
| 229|0x00000006ee500000, 0x00000006ee500000, 0x00000006ee600000|  0%| F|  |TAMS 0x00000006ee500000, 0x00000006ee500000| Untracked 
| 230|0x00000006ee600000, 0x00000006ee600000, 0x00000006ee700000|  0%| F|  |TAMS 0x00000006ee600000, 0x00000006ee600000| Untracked 
| 231|0x00000006ee700000, 0x00000006ee700000, 0x00000006ee800000|  0%| F|  |TAMS 0x00000006ee700000, 0x00000006ee700000| Untracked 
| 232|0x00000006ee800000, 0x00000006ee800000, 0x00000006ee900000|  0%| F|  |TAMS 0x00000006ee800000, 0x00000006ee800000| Untracked 
| 233|0x00000006ee900000, 0x00000006ee900000, 0x00000006eea00000|  0%| F|  |TAMS 0x00000006ee900000, 0x00000006ee900000| Untracked 
| 234|0x00000006eea00000, 0x00000006eea00000, 0x00000006eeb00000|  0%| F|  |TAMS 0x00000006eea00000, 0x00000006eea00000| Untracked 
| 235|0x00000006eeb00000, 0x00000006eeb00000, 0x00000006eec00000|  0%| F|  |TAMS 0x00000006eeb00000, 0x00000006eeb00000| Untracked 
| 236|0x00000006eec00000, 0x00000006eec00000, 0x00000006eed00000|  0%| F|  |TAMS 0x00000006eec00000, 0x00000006eec00000| Untracked 
| 237|0x00000006eed00000, 0x00000006eed00000, 0x00000006eee00000|  0%| F|  |TAMS 0x00000006eed00000, 0x00000006eed00000| Untracked 
| 238|0x00000006eee00000, 0x00000006eee00000, 0x00000006eef00000|  0%| F|  |TAMS 0x00000006eee00000, 0x00000006eee00000| Untracked 
| 239|0x00000006eef00000, 0x00000006eef00000, 0x00000006ef000000|  0%| F|  |TAMS 0x00000006eef00000, 0x00000006eef00000| Untracked 
| 240|0x00000006ef000000, 0x00000006ef000000, 0x00000006ef100000|  0%| F|  |TAMS 0x00000006ef000000, 0x00000006ef000000| Untracked 
| 241|0x00000006ef100000, 0x00000006ef100000, 0x00000006ef200000|  0%| F|  |TAMS 0x00000006ef100000, 0x00000006ef100000| Untracked 
| 242|0x00000006ef200000, 0x00000006ef200000, 0x00000006ef300000|  0%| F|  |TAMS 0x00000006ef200000, 0x00000006ef200000| Untracked 
| 243|0x00000006ef300000, 0x00000006ef300000, 0x00000006ef400000|  0%| F|  |TAMS 0x00000006ef300000, 0x00000006ef300000| Untracked 
| 244|0x00000006ef400000, 0x00000006ef400000, 0x00000006ef500000|  0%| F|  |TAMS 0x00000006ef400000, 0x00000006ef400000| Untracked 
| 245|0x00000006ef500000, 0x00000006ef500000, 0x00000006ef600000|  0%| F|  |TAMS 0x00000006ef500000, 0x00000006ef500000| Untracked 
| 246|0x00000006ef600000, 0x00000006ef600000, 0x00000006ef700000|  0%| F|  |TAMS 0x00000006ef600000, 0x00000006ef600000| Untracked 
| 247|0x00000006ef700000, 0x00000006ef700000, 0x00000006ef800000|  0%| F|  |TAMS 0x00000006ef700000, 0x00000006ef700000| Untracked 
| 248|0x00000006ef800000, 0x00000006ef800000, 0x00000006ef900000|  0%| F|  |TAMS 0x00000006ef800000, 0x00000006ef800000| Untracked 
| 249|0x00000006ef900000, 0x00000006ef900000, 0x00000006efa00000|  0%| F|  |TAMS 0x00000006ef900000, 0x00000006ef900000| Untracked 
| 250|0x00000006efa00000, 0x00000006efa00000, 0x00000006efb00000|  0%| F|  |TAMS 0x00000006efa00000, 0x00000006efa00000| Untracked 
| 251|0x00000006efb00000, 0x00000006efb00000, 0x00000006efc00000|  0%| F|  |TAMS 0x00000006efb00000, 0x00000006efb00000| Untracked 
| 252|0x00000006efc00000, 0x00000006efc00000, 0x00000006efd00000|  0%| F|  |TAMS 0x00000006efc00000, 0x00000006efc00000| Untracked 
| 253|0x00000006efd00000, 0x00000006efd00000, 0x00000006efe00000|  0%| F|  |TAMS 0x00000006efd00000, 0x00000006efd00000| Untracked 
| 254|0x00000006efe00000, 0x00000006efe00000, 0x00000006eff00000|  0%| F|  |TAMS 0x00000006efe00000, 0x00000006efe00000| Untracked 
| 255|0x00000006eff00000, 0x00000006eff00000, 0x00000006f0000000|  0%| F|  |TAMS 0x00000006eff00000, 0x00000006eff00000| Untracked 
| 256|0x00000006f0000000, 0x00000006f0000000, 0x00000006f0100000|  0%| F|  |TAMS 0x00000006f0000000, 0x00000006f0000000| Untracked 
| 257|0x00000006f0100000, 0x00000006f0100000, 0x00000006f0200000|  0%| F|  |TAMS 0x00000006f0100000, 0x00000006f0100000| Untracked 
| 258|0x00000006f0200000, 0x00000006f0200000, 0x00000006f0300000|  0%| F|  |TAMS 0x00000006f0200000, 0x00000006f0200000| Untracked 
| 259|0x00000006f0300000, 0x00000006f0300000, 0x00000006f0400000|  0%| F|  |TAMS 0x00000006f0300000, 0x00000006f0300000| Untracked 
| 260|0x00000006f0400000, 0x00000006f0400000, 0x00000006f0500000|  0%| F|  |TAMS 0x00000006f0400000, 0x00000006f0400000| Untracked 
| 261|0x00000006f0500000, 0x00000006f0500000, 0x00000006f0600000|  0%| F|  |TAMS 0x00000006f0500000, 0x00000006f0500000| Untracked 
| 262|0x00000006f0600000, 0x00000006f0600000, 0x00000006f0700000|  0%| F|  |TAMS 0x00000006f0600000, 0x00000006f0600000| Untracked 
| 263|0x00000006f0700000, 0x00000006f0700000, 0x00000006f0800000|  0%| F|  |TAMS 0x00000006f0700000, 0x00000006f0700000| Untracked 
| 264|0x00000006f0800000, 0x00000006f0800000, 0x00000006f0900000|  0%| F|  |TAMS 0x00000006f0800000, 0x00000006f0800000| Untracked 
| 265|0x00000006f0900000, 0x00000006f0900000, 0x00000006f0a00000|  0%| F|  |TAMS 0x00000006f0900000, 0x00000006f0900000| Untracked 
| 266|0x00000006f0a00000, 0x00000006f0a00000, 0x00000006f0b00000|  0%| F|  |TAMS 0x00000006f0a00000, 0x00000006f0a00000| Untracked 
| 267|0x00000006f0b00000, 0x00000006f0c00000, 0x00000006f0c00000|100%| S|CS|TAMS 0x00000006f0b00000, 0x00000006f0b00000| Complete 
| 268|0x00000006f0c00000, 0x00000006f0d00000, 0x00000006f0d00000|100%| S|CS|TAMS 0x00000006f0c00000, 0x00000006f0c00000| Complete 
| 269|0x00000006f0d00000, 0x00000006f0e00000, 0x00000006f0e00000|100%| S|CS|TAMS 0x00000006f0d00000, 0x00000006f0d00000| Complete 
| 270|0x00000006f0e00000, 0x00000006f0f00000, 0x00000006f0f00000|100%| S|CS|TAMS 0x00000006f0e00000, 0x00000006f0e00000| Complete 
| 271|0x00000006f0f00000, 0x00000006f0f00000, 0x00000006f1000000|  0%| F|  |TAMS 0x00000006f0f00000, 0x00000006f0f00000| Untracked 
| 272|0x00000006f1000000, 0x00000006f1000000, 0x00000006f1100000|  0%| F|  |TAMS 0x00000006f1000000, 0x00000006f1000000| Untracked 
| 273|0x00000006f1100000, 0x00000006f1100000, 0x00000006f1200000|  0%| F|  |TAMS 0x00000006f1100000, 0x00000006f1100000| Untracked 
| 274|0x00000006f1200000, 0x00000006f1200000, 0x00000006f1300000|  0%| F|  |TAMS 0x00000006f1200000, 0x00000006f1200000| Untracked 
| 275|0x00000006f1300000, 0x00000006f1300000, 0x00000006f1400000|  0%| F|  |TAMS 0x00000006f1300000, 0x00000006f1300000| Untracked 
| 276|0x00000006f1400000, 0x00000006f1400000, 0x00000006f1500000|  0%| F|  |TAMS 0x00000006f1400000, 0x00000006f1400000| Untracked 
| 277|0x00000006f1500000, 0x00000006f1500000, 0x00000006f1600000|  0%| F|  |TAMS 0x00000006f1500000, 0x00000006f1500000| Untracked 
| 278|0x00000006f1600000, 0x00000006f1600000, 0x00000006f1700000|  0%| F|  |TAMS 0x00000006f1600000, 0x00000006f1600000| Untracked 
| 279|0x00000006f1700000, 0x00000006f1700000, 0x00000006f1800000|  0%| F|  |TAMS 0x00000006f1700000, 0x00000006f1700000| Untracked 
| 280|0x00000006f1800000, 0x00000006f1800000, 0x00000006f1900000|  0%| F|  |TAMS 0x00000006f1800000, 0x00000006f1800000| Untracked 
| 281|0x00000006f1900000, 0x00000006f1900000, 0x00000006f1a00000|  0%| F|  |TAMS 0x00000006f1900000, 0x00000006f1900000| Untracked 
| 282|0x00000006f1a00000, 0x00000006f1a00000, 0x00000006f1b00000|  0%| F|  |TAMS 0x00000006f1a00000, 0x00000006f1a00000| Untracked 
| 283|0x00000006f1b00000, 0x00000006f1b00000, 0x00000006f1c00000|  0%| F|  |TAMS 0x00000006f1b00000, 0x00000006f1b00000| Untracked 
| 284|0x00000006f1c00000, 0x00000006f1c00000, 0x00000006f1d00000|  0%| F|  |TAMS 0x00000006f1c00000, 0x00000006f1c00000| Untracked 
| 285|0x00000006f1d00000, 0x00000006f1d00000, 0x00000006f1e00000|  0%| F|  |TAMS 0x00000006f1d00000, 0x00000006f1d00000| Untracked 
| 286|0x00000006f1e00000, 0x00000006f1e00000, 0x00000006f1f00000|  0%| F|  |TAMS 0x00000006f1e00000, 0x00000006f1e00000| Untracked 
| 287|0x00000006f1f00000, 0x00000006f1f00000, 0x00000006f2000000|  0%| F|  |TAMS 0x00000006f1f00000, 0x00000006f1f00000| Untracked 
| 288|0x00000006f2000000, 0x00000006f2000000, 0x00000006f2100000|  0%| F|  |TAMS 0x00000006f2000000, 0x00000006f2000000| Untracked 
| 289|0x00000006f2100000, 0x00000006f2100000, 0x00000006f2200000|  0%| F|  |TAMS 0x00000006f2100000, 0x00000006f2100000| Untracked 
| 290|0x00000006f2200000, 0x00000006f2200000, 0x00000006f2300000|  0%| F|  |TAMS 0x00000006f2200000, 0x00000006f2200000| Untracked 
| 291|0x00000006f2300000, 0x00000006f2300000, 0x00000006f2400000|  0%| F|  |TAMS 0x00000006f2300000, 0x00000006f2300000| Untracked 
| 292|0x00000006f2400000, 0x00000006f2400000, 0x00000006f2500000|  0%| F|  |TAMS 0x00000006f2400000, 0x00000006f2400000| Untracked 

Card table byte_map: [0x0000012c72960000,0x0000012c73260000] _byte_map_base: 0x0000012c6f260000

Marking Bits (Prev, Next): (CMBitMap*) 0x0000012c697302d8, (CMBitMap*) 0x0000012c69730310
 Prev Bits: [0x0000012c73b60000, 0x0000012c78360000)
 Next Bits: [0x0000012c78360000, 0x0000012c7cb60000)

Polling page: 0x0000012c697b0000

Metaspace:

Usage:
  Non-class:    102.34 MB capacity,    97.88 MB ( 96%) used,     4.08 MB (  4%) free+waste,   377.94 KB ( <1%) overhead. 
      Class:     17.57 MB capacity,    15.14 MB ( 86%) used,     2.25 MB ( 13%) free+waste,   183.44 KB (  1%) overhead. 
       Both:    119.90 MB capacity,   113.02 MB ( 94%) used,     6.33 MB (  5%) free+waste,   561.38 KB ( <1%) overhead. 

Virtual space:
  Non-class space:      104.00 MB reserved,     102.38 MB ( 98%) committed 
      Class space:      504.00 MB reserved,      17.65 MB (  4%) committed 
             Both:      608.00 MB reserved,     120.02 MB ( 20%) committed 

Chunk freelists:
   Non-Class:  5.00 KB
       Class:  0 bytes
        Both:  5.00 KB

CodeHeap 'non-profiled nmethods': size=120064Kb used=11016Kb max_used=11016Kb free=109048Kb
 bounds [0x0000012c07ac0000, 0x0000012c08590000, 0x0000012c0f000000]
CodeHeap 'profiled nmethods': size=120000Kb used=34712Kb max_used=34712Kb free=85287Kb
 bounds [0x0000012c00590000, 0x0000012c02780000, 0x0000012c07ac0000]
CodeHeap 'non-nmethods': size=5696Kb used=2347Kb max_used=2428Kb free=3349Kb
 bounds [0x0000012c00000000, 0x0000012c00270000, 0x0000012c00590000]
 total_blobs=19840 nmethods=14539 adapters=860
 compilation: enabled
              stopped_count=0, restarted_count=0
 full_count=0

Compilation events (10 events):
Event: 127.443 Thread 0x0000012c7f236800 14819       3       org.gradle.api.internal.provider.AbstractCollectionProperty::calculateValueFrom (8 bytes)
Event: 127.443 Thread 0x0000012c7f236800 nmethod 14819 0x0000012c02777a10 code [0x0000012c02777be0, 0x0000012c02777e10]
Event: 127.446 Thread 0x0000012c7f236800 14820       3       org.gradle.api.internal.artifacts.configurations.DefaultConfiguration_Decorated::isCanBeMutated (45 bytes)
Event: 127.447 Thread 0x0000012c7f236800 nmethod 14820 0x0000012c02777f10 code [0x0000012c02778100, 0x0000012c027785c0]
Event: 127.451 Thread 0x0000012c7f236800 14821       3       org.gradle.internal.component.local.model.DslOriginDependencyMetadataWrapper::isConstraint (10 bytes)
Event: 127.451 Thread 0x0000012c7f236800 nmethod 14821 0x0000012c02778710 code [0x0000012c027788e0, 0x0000012c02778b10]
Event: 127.451 Thread 0x0000012c7f236800 14822       3       org.gradle.api.internal.collections.FilteredCollection::size (39 bytes)
Event: 127.452 Thread 0x0000012c7f236800 nmethod 14822 0x0000012c02778c10 code [0x0000012c02778e60, 0x0000012c027797f0]
Event: 127.454 Thread 0x0000012c7f236800 14823       3       org.gradle.api.internal.provider.FlatMapProvider::backingProvider (35 bytes)
Event: 127.455 Thread 0x0000012c7f236800 nmethod 14823 0x0000012c02779b10 code [0x0000012c02779d60, 0x0000012c0277a760]

GC Heap History (10 events):
Event: 124.310 GC heap after
{Heap after GC invocations=112 (full 0):
 garbage-first heap   total 300032K, used 214609K [0x00000006e0000000, 0x0000000800000000)
  region size 1024K, 4 young (4096K), 4 survivors (4096K)
 Metaspace       used 109018K, capacity 115826K, committed 115992K, reserved 616448K
  class space    used 14630K, capacity 17028K, committed 17048K, reserved 516096K
}
Event: 125.085 GC heap before
{Heap before GC invocations=112 (full 0):
 garbage-first heap   total 300032K, used 238161K [0x00000006e0000000, 0x0000000800000000)
  region size 1024K, 28 young (28672K), 4 survivors (4096K)
 Metaspace       used 109967K, capacity 116838K, committed 117016K, reserved 616448K
  class space    used 14757K, capacity 17208K, committed 17304K, reserved 516096K
}
Event: 125.114 GC heap after
{Heap after GC invocations=113 (full 0):
 garbage-first heap   total 300032K, used 218975K [0x00000006e0000000, 0x0000000800000000)
  region size 1024K, 4 young (4096K), 4 survivors (4096K)
 Metaspace       used 109967K, capacity 116838K, committed 117016K, reserved 616448K
  class space    used 14757K, capacity 17208K, committed 17304K, reserved 516096K
}
Event: 125.807 GC heap before
{Heap before GC invocations=113 (full 0):
 garbage-first heap   total 300032K, used 243551K [0x00000006e0000000, 0x0000000800000000)
  region size 1024K, 28 young (28672K), 4 survivors (4096K)
 Metaspace       used 112450K, capacity 119392K, committed 119448K, reserved 618496K
  class space    used 15150K, capacity 17643K, committed 17688K, reserved 516096K
}
Event: 125.817 GC heap after
{Heap after GC invocations=114 (full 0):
 garbage-first heap   total 300032K, used 220535K [0x00000006e0000000, 0x0000000800000000)
  region size 1024K, 2 young (2048K), 2 survivors (2048K)
 Metaspace       used 112450K, capacity 119392K, committed 119448K, reserved 618496K
  class space    used 15150K, capacity 17643K, committed 17688K, reserved 516096K
}
Event: 126.367 GC heap before
{Heap before GC invocations=114 (full 0):
 garbage-first heap   total 300032K, used 246135K [0x00000006e0000000, 0x0000000800000000)
  region size 1024K, 27 young (27648K), 2 survivors (2048K)
 Metaspace       used 115044K, capacity 122007K, committed 122264K, reserved 620544K
  class space    used 15443K, capacity 17913K, committed 17944K, reserved 516096K
}
Event: 126.373 GC heap after
{Heap after GC invocations=115 (full 0):
 garbage-first heap   total 300032K, used 222292K [0x00000006e0000000, 0x0000000800000000)
  region size 1024K, 4 young (4096K), 4 survivors (4096K)
 Metaspace       used 115044K, capacity 122007K, committed 122264K, reserved 620544K
  class space    used 15443K, capacity 17913K, committed 17944K, reserved 516096K
}
Event: 126.963 GC heap before
{Heap before GC invocations=115 (full 0):
 garbage-first heap   total 300032K, used 248916K [0x00000006e0000000, 0x0000000800000000)
  region size 1024K, 30 young (30720K), 4 survivors (4096K)
 Metaspace       used 115645K, capacity 122710K, committed 122904K, reserved 622592K
  class space    used 15499K, capacity 17989K, committed 18072K, reserved 516096K
}
Event: 126.986 GC heap after
{Heap after GC invocations=116 (full 0):
 garbage-first heap   total 300032K, used 229760K [0x00000006e0000000, 0x0000000800000000)
  region size 1024K, 4 young (4096K), 4 survivors (4096K)
 Metaspace       used 115645K, capacity 122710K, committed 122904K, reserved 622592K
  class space    used 15499K, capacity 17989K, committed 18072K, reserved 516096K
}
Event: 127.456 GC heap before
{Heap before GC invocations=116 (full 0):
 garbage-first heap   total 300032K, used 252288K [0x00000006e0000000, 0x0000000800000000)
  region size 1024K, 26 young (26624K), 4 survivors (4096K)
 Metaspace       used 115734K, capacity 122782K, committed 122904K, reserved 622592K
  class space    used 15501K, capacity 17990K, committed 18072K, reserved 516096K
}

Deoptimization events (10 events):
Event: 126.357 Thread 0x0000012c11066800 Uncommon trap: reason=null_check action=make_not_entrant pc=0x0000012c0852db88 method=org.gradle.internal.instantiation.generator.AbstractClassGenerator.isPropertyType(Ljava/lang/Class;)Z @ 12 c2
Event: 126.366 Thread 0x0000012c11066800 Uncommon trap: reason=null_check action=make_not_entrant pc=0x0000012c0852e308 method=org.gradle.internal.instantiation.generator.AbstractClassGenerator.isPropertyType(Ljava/lang/Class;)Z @ 21 c2
Event: 126.373 Thread 0x0000012c7f22e000 Uncommon trap: reason=unstable_if action=reinterpret pc=0x0000012c0816bbf4 method=java.lang.ThreadLocal.remove()V @ 9 c2
Event: 126.433 Thread 0x0000012c11066800 Uncommon trap: reason=predicate action=maybe_recompile pc=0x0000012c08528d9c method=com.google.common.collect.RegularImmutableMap.fromEntryArray(I[Ljava/util/Map$Entry;)Lcom/google/common/collect/ImmutableMap; @ 59 c2
Event: 126.500 Thread 0x0000012c11066800 Uncommon trap: reason=class_check action=maybe_recompile pc=0x0000012c08477ee0 method=org.gradle.api.internal.artifacts.ivyservice.resolveengine.graph.builder.DependencyState.isForced()Z @ 4 c2
Event: 126.500 Thread 0x0000012c11066800 Uncommon trap: reason=class_check action=maybe_recompile pc=0x0000012c08477ee0 method=org.gradle.api.internal.artifacts.ivyservice.resolveengine.graph.builder.DependencyState.isForced()Z @ 4 c2
Event: 126.537 Thread 0x0000012c11066800 Uncommon trap: reason=array_check action=maybe_recompile pc=0x0000012c0853c70c method=com.google.common.collect.RegularImmutableMap.fromEntryArray(I[Ljava/util/Map$Entry;)Lcom/google/common/collect/ImmutableMap; @ 157 c2
Event: 126.537 Thread 0x0000012c11066800 Uncommon trap: reason=array_check action=maybe_recompile pc=0x0000012c0853c70c method=com.google.common.collect.RegularImmutableMap.fromEntryArray(I[Ljava/util/Map$Entry;)Lcom/google/common/collect/ImmutableMap; @ 157 c2
Event: 126.537 Thread 0x0000012c11066800 Uncommon trap: reason=array_check action=maybe_recompile pc=0x0000012c0853c70c method=com.google.common.collect.RegularImmutableMap.fromEntryArray(I[Ljava/util/Map$Entry;)Lcom/google/common/collect/ImmutableMap; @ 157 c2
Event: 126.537 Thread 0x0000012c11066800 Uncommon trap: reason=array_check action=maybe_recompile pc=0x0000012c0853c70c method=com.google.common.collect.RegularImmutableMap.fromEntryArray(I[Ljava/util/Map$Entry;)Lcom/google/common/collect/ImmutableMap; @ 157 c2

Classes redefined (0 events):
No events

Internal exceptions (10 events):
Event: 125.624 Thread 0x0000012c11066800 Implicit null exception at 0x0000012c07eb8ebe to 0x0000012c07ec0026
Event: 125.858 Thread 0x0000012c11066800 Exception <a 'java/lang/NoSuchMethodError'{0x00000006f236bff8}: java.lang.invoke.DirectMethodHandle$Holder.invokeStatic(Ljava/lang/Object;Ljava/lang/Object;ILjava/lang/Object;)I> (0x00000006f236bff8) thrown at [t:/workspace/open/src/hotspot/share/interpre
Event: 125.945 Thread 0x0000012c11066800 Exception <a 'sun/nio/fs/WindowsException'{0x00000006f22a06a8}> (0x00000006f22a06a8) thrown at [t:/workspace/open/src/hotspot/share/prims/jni.cpp, line 615]
Event: 125.946 Thread 0x0000012c11066800 Exception <a 'sun/nio/fs/WindowsException'{0x00000006f22a1a68}> (0x00000006f22a1a68) thrown at [t:/workspace/open/src/hotspot/share/prims/jni.cpp, line 615]
Event: 125.946 Thread 0x0000012c11066800 Exception <a 'sun/nio/fs/WindowsException'{0x00000006f22a2e70}> (0x00000006f22a2e70) thrown at [t:/workspace/open/src/hotspot/share/prims/jni.cpp, line 615]
Event: 125.946 Thread 0x0000012c11066800 Exception <a 'sun/nio/fs/WindowsException'{0x00000006f22a4278}> (0x00000006f22a4278) thrown at [t:/workspace/open/src/hotspot/share/prims/jni.cpp, line 615]
Event: 126.185 Thread 0x0000012c11066800 Implicit null exception at 0x0000012c08513dd6 to 0x0000012c08514582
Event: 126.357 Thread 0x0000012c11066800 Implicit null exception at 0x0000012c0852da39 to 0x0000012c0852db79
Event: 126.366 Thread 0x0000012c11066800 Implicit null exception at 0x0000012c0852e1b9 to 0x0000012c0852e2f9
Event: 126.373 Thread 0x0000012c7f22e000 Implicit null exception at 0x0000012c0816b32d to 0x0000012c0816bbe2

Events (10 events):
Event: 126.959 Thread 0x0000012c11066800 DEOPT UNPACKING pc=0x0000012c00028fce sp=0x0000001a621f68e8 mode 0
Event: 126.962 Executing VM operation: G1CollectForAllocation
Event: 126.986 Executing VM operation: G1CollectForAllocation done
Event: 127.061 Thread 0x0000012c11066800 DEOPT PACKING pc=0x0000012c0259cc5a sp=0x0000001a621f73f0
Event: 127.061 Thread 0x0000012c11066800 DEOPT UNPACKING pc=0x0000012c00028fce sp=0x0000001a621f6898 mode 0
Event: 127.129 Thread 0x0000012c11066800 DEOPT PACKING pc=0x0000012c0240b6f1 sp=0x0000001a621f7450
Event: 127.129 Thread 0x0000012c11066800 DEOPT UNPACKING pc=0x0000012c00028fce sp=0x0000001a621f68e8 mode 0
Event: 127.165 loading class org/gradle/api/internal/artifacts/DefaultPublishArtifactSet$1
Event: 127.165 loading class org/gradle/api/internal/artifacts/DefaultPublishArtifactSet$1 done
Event: 127.456 Executing VM operation: G1CollectForAllocation


Dynamic libraries:
0x00007ff608b50000 - 0x00007ff608b95000 	C:\Users\Admin\AppData\Local\jdk-11.0.2\bin\java.exe
0x00007ff8dd050000 - 0x00007ff8dd248000 	C:\Windows\SYSTEM32\ntdll.dll
0x00007ff8dc440000 - 0x00007ff8dc4fd000 	C:\Windows\System32\KERNEL32.DLL
0x00007ff8daa70000 - 0x00007ff8dad66000 	C:\Windows\System32\KERNELBASE.dll
0x00007ff8dc950000 - 0x00007ff8dcaee000 	C:\Windows\System32\USER32.dll
0x00007ff8dafd0000 - 0x00007ff8daff2000 	C:\Windows\System32\win32u.dll
0x00007ff8db5f0000 - 0x00007ff8db61c000 	C:\Windows\System32\GDI32.dll
0x00007ff8da950000 - 0x00007ff8daa6a000 	C:\Windows\System32\gdi32full.dll
0x00007ff8da730000 - 0x00007ff8da7cd000 	C:\Windows\System32\msvcp_win.dll
0x00007ff8daed0000 - 0x00007ff8dafd0000 	C:\Windows\System32\ucrtbase.dll
0x00007ff8cb970000 - 0x00007ff8cbc0a000 	C:\Windows\WinSxS\amd64_microsoft.windows.common-controls_6595b64144ccf1df_6.0.19041.3636_none_60b6a03d71f818d5\COMCTL32.dll
0x00007ff8dc800000 - 0x00007ff8dc89e000 	C:\Windows\System32\msvcrt.dll
0x00007ff8db1f0000 - 0x00007ff8db220000 	C:\Windows\System32\IMM32.DLL
0x00007ff89a110000 - 0x00007ff89a126000 	C:\Users\Admin\AppData\Local\jdk-11.0.2\bin\vcruntime140.dll
0x00007ff888b60000 - 0x00007ff888c0a000 	C:\Users\Admin\AppData\Local\jdk-11.0.2\bin\msvcp140.dll
0x00007ff888030000 - 0x00007ff888b53000 	C:\Users\Admin\AppData\Local\jdk-11.0.2\bin\server\jvm.dll
0x00007ff8dc8a0000 - 0x00007ff8dc94f000 	C:\Windows\System32\ADVAPI32.dll
0x00007ff8dc560000 - 0x00007ff8dc5fc000 	C:\Windows\System32\sechost.dll
0x00007ff8dc670000 - 0x00007ff8dc796000 	C:\Windows\System32\RPCRT4.dll
0x00007ff8db280000 - 0x00007ff8db288000 	C:\Windows\System32\PSAPI.DLL
0x00007ff8c0ef0000 - 0x00007ff8c0f17000 	C:\Windows\SYSTEM32\WINMM.dll
0x00007ff8d27c0000 - 0x00007ff8d27ca000 	C:\Windows\SYSTEM32\VERSION.dll
0x00007ff8c2960000 - 0x00007ff8c2969000 	C:\Windows\SYSTEM32\WSOCK32.dll
0x00007ff8dcba0000 - 0x00007ff8dcc0b000 	C:\Windows\System32\WS2_32.dll
0x00007ff8d8fb0000 - 0x00007ff8d8fc2000 	C:\Windows\SYSTEM32\kernel.appcore.dll
0x00007ff89a260000 - 0x00007ff89a271000 	C:\Users\Admin\AppData\Local\jdk-11.0.2\bin\verify.dll
0x00007ff8d8d60000 - 0x00007ff8d8f44000 	C:\Windows\SYSTEM32\DBGHELP.DLL
0x00007ff8c0cb0000 - 0x00007ff8c0ce4000 	C:\Windows\SYSTEM32\dbgcore.DLL
0x00007ff8da850000 - 0x00007ff8da8d2000 	C:\Windows\System32\bcryptPrimitives.dll
0x00007ff89a230000 - 0x00007ff89a258000 	C:\Users\Admin\AppData\Local\jdk-11.0.2\bin\java.dll
0x00007ff89a210000 - 0x00007ff89a226000 	C:\Users\Admin\AppData\Local\jdk-11.0.2\bin\zip.dll
0x00007ff8d0330000 - 0x00007ff8d033a000 	C:\Users\Admin\AppData\Local\jdk-11.0.2\bin\jimage.dll
0x00007ff8dbb40000 - 0x00007ff8dc285000 	C:\Windows\System32\SHELL32.dll
0x00007ff8d85c0000 - 0x00007ff8d8d5b000 	C:\Windows\SYSTEM32\windows.storage.dll
0x00007ff8db290000 - 0x00007ff8db5e4000 	C:\Windows\System32\combase.dll
0x00007ff8da170000 - 0x00007ff8da19d000 	C:\Windows\SYSTEM32\Wldp.dll
0x00007ff8dcaf0000 - 0x00007ff8dcb9d000 	C:\Windows\System32\SHCORE.dll
0x00007ff8dc7a0000 - 0x00007ff8dc7f5000 	C:\Windows\System32\shlwapi.dll
0x00007ff8da660000 - 0x00007ff8da685000 	C:\Windows\SYSTEM32\profapi.dll
0x00007ff89a1f0000 - 0x00007ff89a209000 	C:\Users\Admin\AppData\Local\jdk-11.0.2\bin\net.dll
0x00007ff8ca540000 - 0x00007ff8ca72d000 	C:\Windows\SYSTEM32\urlmon.dll
0x00007ff8cc870000 - 0x00007ff8cc97a000 	C:\Windows\SYSTEM32\WINHTTP.dll
0x00007ff8ca890000 - 0x00007ff8cab4c000 	C:\Windows\SYSTEM32\iertutil.dll
0x00007ff8ca510000 - 0x00007ff8ca538000 	C:\Windows\SYSTEM32\srvcli.dll
0x00007ff8d9bb0000 - 0x00007ff8d9bbc000 	C:\Windows\SYSTEM32\netutils.dll
0x00007ff8d9ed0000 - 0x00007ff8d9f3a000 	C:\Windows\system32\mswsock.dll
0x00007ff89a1d0000 - 0x00007ff89a1e3000 	C:\Users\Admin\AppData\Local\jdk-11.0.2\bin\nio.dll
0x00007ff8d40e0000 - 0x00007ff8d4107000 	C:\Users\Admin\.gradle\native\e1d6ef7f7dcc3fd88c89a11ec53ec762bb8ba0a96d01ffa2cd45eb1d1d8dd5c5\windows-amd64\native-platform.dll
0x00007ff8b9850000 - 0x00007ff8b9994000 	C:\Users\Admin\.gradle\native\0d407fdbe67a94daf76414ababcb853783967236a71b16ec16e742cd7a986fd3\windows-amd64\native-platform-file-events.dll
0x00007ff8d3ed0000 - 0x00007ff8d3ed9000 	C:\Users\Admin\AppData\Local\jdk-11.0.2\bin\management.dll
0x00007ff8cb1e0000 - 0x00007ff8cb1ec000 	C:\Users\Admin\AppData\Local\jdk-11.0.2\bin\management_ext.dll
0x00007ff8da0c0000 - 0x00007ff8da0d8000 	C:\Windows\SYSTEM32\CRYPTSP.dll
0x00007ff8d9790000 - 0x00007ff8d97c4000 	C:\Windows\system32\rsaenh.dll
0x00007ff8da7d0000 - 0x00007ff8da7f7000 	C:\Windows\System32\bcrypt.dll
0x00007ff8da5e0000 - 0x00007ff8da60e000 	C:\Windows\SYSTEM32\USERENV.dll
0x00007ff8da0e0000 - 0x00007ff8da0ec000 	C:\Windows\SYSTEM32\CRYPTBASE.dll
0x00007ff8d9b70000 - 0x00007ff8d9bab000 	C:\Windows\SYSTEM32\IPHLPAPI.DLL
0x00007ff8db1e0000 - 0x00007ff8db1e8000 	C:\Windows\System32\NSI.dll
0x00007ff8d0660000 - 0x00007ff8d0677000 	C:\Windows\SYSTEM32\dhcpcsvc6.DLL
0x00007ff8d3b50000 - 0x00007ff8d3b6d000 	C:\Windows\SYSTEM32\dhcpcsvc.DLL
0x00007ff8d9bc0000 - 0x00007ff8d9c8a000 	C:\Windows\SYSTEM32\DNSAPI.dll
0x00007ff8d5fd0000 - 0x00007ff8d5fdd000 	C:\Users\Admin\AppData\Local\jdk-11.0.2\bin\sunmscapi.dll
0x00007ff8dad70000 - 0x00007ff8daecd000 	C:\Windows\System32\CRYPT32.dll
0x00007ff8da1e0000 - 0x00007ff8da207000 	C:\Windows\SYSTEM32\ncrypt.dll
0x00007ff8da1a0000 - 0x00007ff8da1db000 	C:\Windows\SYSTEM32\NTASN1.dll
0x00007ff8cc6f0000 - 0x00007ff8cc717000 	C:\Users\Admin\AppData\Local\jdk-11.0.2\bin\sunec.dll
0x00007ff8c79d0000 - 0x00007ff8c79da000 	C:\Windows\System32\rasadhlp.dll
0x00007ff8c7bd0000 - 0x00007ff8c7c50000 	C:\Windows\System32\fwpuclnt.dll

dbghelp: loaded successfully - version: 4.0.5 - missing functions: none
symbol engine: initialized successfully - sym options: 0x614 - pdb path: .;C:\Users\Admin\AppData\Local\jdk-11.0.2\bin;C:\Windows\SYSTEM32;C:\Windows\WinSxS\amd64_microsoft.windows.common-controls_6595b64144ccf1df_6.0.19041.3636_none_60b6a03d71f818d5;C:\Users\Admin\AppData\Local\jdk-11.0.2\bin\server;C:\Users\Admin\.gradle\native\e1d6ef7f7dcc3fd88c89a11ec53ec762bb8ba0a96d01ffa2cd45eb1d1d8dd5c5\windows-amd64;C:\Users\Admin\.gradle\native\0d407fdbe67a94daf76414ababcb853783967236a71b16ec16e742cd7a986fd3\windows-amd64

VM Arguments:
jvm_args: -XX:MaxMetaspaceSize=512m --add-opens=java.base/java.util=ALL-UNNAMED --add-opens=java.base/java.lang=ALL-UNNAMED --add-opens=java.base/java.lang.invoke=ALL-UNNAMED --add-opens=java.base/java.util=ALL-UNNAMED --add-opens=java.prefs/java.util.prefs=ALL-UNNAMED --add-opens=java.prefs/java.util.prefs=ALL-UNNAMED --add-opens=java.base/java.nio.charset=ALL-UNNAMED --add-opens=java.base/java.net=ALL-UNNAMED --add-opens=java.base/java.util.concurrent.atomic=ALL-UNNAMED -Xmx4608m -Dfile.encoding=windows-1252 -Duser.country=US -Duser.language=en -Duser.variant 
java_command: org.gradle.launcher.daemon.bootstrap.GradleDaemon 7.5.1
java_class_path (initial): C:\Users\Admin\.gradle\wrapper\dists\gradle-7.5.1-all\1ehga6e77gqps5uk2kc5kf1vc\gradle-7.5.1\lib\gradle-launcher-7.5.1.jar
Launcher Type: SUN_STANDARD

[Global flags]
     intx CICompilerCount                          = 3                                         {product} {ergonomic}
   size_t CompressedClassSpaceSize                 = 528482304                                 {product} {ergonomic}
     uint ConcGCThreads                            = 1                                         {product} {ergonomic}
     uint G1ConcRefinementThreads                  = 4                                         {product} {ergonomic}
   size_t G1HeapRegionSize                         = 1048576                                   {product} {ergonomic}
    uintx GCDrainStackTargetSize                   = 64                                        {product} {ergonomic}
   size_t InitialHeapSize                          = 134217728                                 {product} {ergonomic}
   size_t MarkStackSize                            = 4194304                                   {product} {ergonomic}
   size_t MaxHeapSize                              = 4831838208                                {product} {command line}
   size_t MaxMetaspaceSize                         = 536870912                                 {product} {command line}
   size_t MaxNewSize                               = 2898264064                                {product} {ergonomic}
   size_t MinHeapDeltaBytes                        = 1048576                                   {product} {ergonomic}
    uintx NonNMethodCodeHeapSize                   = 5830092                                {pd product} {ergonomic}
    uintx NonProfiledCodeHeapSize                  = 122914074                              {pd product} {ergonomic}
    uintx ProfiledCodeHeapSize                     = 122914074                              {pd product} {ergonomic}
    uintx ReservedCodeCacheSize                    = 251658240                              {pd product} {ergonomic}
     bool SegmentedCodeCache                       = true                                      {product} {ergonomic}
     bool UseCompressedClassPointers               = true                                 {lp64_product} {ergonomic}
     bool UseCompressedOops                        = true                                 {lp64_product} {ergonomic}
     bool UseG1GC                                  = true                                      {product} {ergonomic}
     bool UseLargePagesIndividualAllocation        = false                                  {pd product} {ergonomic}

Logging:
Log output configuration:
 #0: stdout all=warning uptime,level,tags
 #1: stderr all=off uptime,level,tags

Environment Variables:
JAVA_HOME=C:\Users\Admin\AppData\Local\jdk-11.0.2
CLASSPATH=D:\CewApp - 0.1\android\\gradle\wrapper\gradle-wrapper.jar
PATH=%LOCALAPPDATA%\Android\Sdk\platform-tools;C:\Windows\system32;C:\Windows;C:\Windows\System32\Wbem;C:\Windows\System32\WindowsPowerShell\v1.0\;C:\Windows\System32\OpenSSH\;C:\Program Files\nodejs\;C:\Program Files\Java\jdk-11;C:\Users\Admin\AppData\Local\Android\Sdk;C:\Program Files (x86)\Microsoft SQL Server\160\DTS\Binn\;C:\Program Files\Azure Data Studio\bin;C:\Program Files\gradle-8.2.1-bin\gradle-8.2.1\bin;c:\Program Files (x86)\Intel\Intel(R) Management Engine Components\DAL;c:\Program Files\Intel\Intel(R) Management Engine Components\DAL;C:\Program Files\Git\cmd;C:\Program Files\MySQL\MySQL Shell 8.0\bin\;C:\Users\Admin\.console-ninja\.bin;C:\Users\Admin\AppData\Local\jdk-11.0.2\bin;C:\Users\Admin\AppData\Local\jdk-11.0.2\bin;C:\Users\Admin\AppData\Local\Microsoft\WindowsApps;C:\Users\Admin\AppData\Local\Programs\Microsoft VS Code\bin;C:\Users\Admin\AppData\Roaming\npm;C:\Users\Admin\AppData\Local\Android\Sdk\platform-tools;C:\Program Files\Azure Data Studio\bin;
USERNAME=Admin
OS=Windows_NT
PROCESSOR_IDENTIFIER=Intel64 Family 6 Model 142 Stepping 9, GenuineIntel



---------------  S Y S T E M  ---------------

OS: Windows 10 , 64 bit Build 19041 (10.0.19041.3636)

CPU:total 4 (initial active 4) (2 cores per cpu, 2 threads per core) family 6 model 142 stepping 9, cmov, cx8, fxsr, mmx, sse, sse2, sse3, ssse3, sse4.1, sse4.2, popcnt, avx, avx2, aes, clmul, erms, rtm, 3dnowpref, lzcnt, ht, tsc, tscinvbit, bmi1, bmi2, adx, fma

Memory: 4k page, system-wide physical 8067M (283M free)
TotalPageFile size 24874M (AvailPageFile size 11M)
current process WorkingSet (physical memory assigned to process): 412M, peak: 431M
current process commit charge ("private bytes"): 686M, peak: 743M

vm_info: OpenJDK 64-Bit Server VM (11.0.2+9) for windows-amd64 JRE (11.0.2+9), built on Jan 18 2019 05:23:22 by "mach5one" with MS VC++ 15.5 (VS2017)

END.
